Log file open, 01/15/22 21:37:11
LogWindows: Failed to load 'aqProf.dll' (GetLastError=126)
LogWindows: File 'aqProf.dll' does not exist
LogWindows: Failed to load 'VtuneApi.dll' (GetLastError=126)
LogWindows: File 'VtuneApi.dll' does not exist
LogWindows: Failed to load 'VtuneApi32e.dll' (GetLastError=126)
LogWindows: File 'VtuneApi32e.dll' does not exist
LogConsoleResponse: Display: Failed to find resolution value strings in scalability ini. Falling back to default.
LogConsoleResponse: Display: Failed to find resolution value strings in scalability ini. Falling back to default.
LogInit: Display: Running engine for game: UE_CPP_Tutorial_1
LogPlatformFile: Not using cached read wrapper
LogTaskGraph: Started task graph with 5 named threads and 14 total threads with 3 sets of task threads.
LogStats: Stats thread started at 12.433109
LogICUInternationalization: ICU TimeZone Detection - Raw Offset: -5:00, Platform Override: ''
LogInit: Display: Loading text-based GConfig....
LogPluginManager: Mounting plugin MeshPainting
LogPluginManager: Mounting plugin XGEController
LogPluginManager: Mounting plugin Paper2D
LogPluginManager: Mounting plugin AISupport
LogPluginManager: Mounting plugin LiveLink
LogPluginManager: Mounting plugin EnvironmentQueryEditor
LogPluginManager: Mounting plugin LightPropagationVolume
LogPluginManager: Mounting plugin CameraShakePreviewer
LogPluginManager: Mounting plugin GameplayCameras
LogPluginManager: Mounting plugin OodleData
LogPluginManager: Mounting plugin OodleNetwork
LogPluginManager: Mounting plugin AnimationSharing
LogPluginManager: Mounting plugin CLionSourceCodeAccess
LogPluginManager: Mounting plugin CodeLiteSourceCodeAccess
LogPluginManager: Mounting plugin GitSourceControl
LogPluginManager: Mounting plugin KDevelopSourceCodeAccess
LogPluginManager: Mounting plugin NullSourceCodeAccess
LogPluginManager: Mounting plugin PerforceSourceControl
LogPluginManager: Mounting plugin PixWinPlugin
LogPluginManager: Mounting plugin PlasticSourceControl
LogPluginManager: Mounting plugin PluginUtils
LogPluginManager: Mounting plugin PropertyAccessNode
LogPluginManager: Mounting plugin RiderSourceCodeAccess
LogPluginManager: Mounting plugin SubversionSourceControl
LogPluginManager: Mounting plugin TextureFormatOodle
LogPluginManager: Mounting plugin UObjectPlugin
LogPluginManager: Mounting plugin VisualStudioCodeSourceCodeAccess
LogPluginManager: Mounting plugin VisualStudioSourceCodeAccess
LogPluginManager: Mounting plugin AssetManagerEditor
LogPluginManager: Mounting plugin CryptoKeys
LogPluginManager: Mounting plugin CurveEditorTools
LogPluginManager: Mounting plugin DataValidation
LogPluginManager: Mounting plugin FacialAnimation
LogPluginManager: Mounting plugin GameplayTagsEditor
LogPluginManager: Mounting plugin GeometryMode
LogPluginManager: Mounting plugin XCodeSourceCodeAccess
LogPluginManager: Mounting plugin MaterialAnalyzer
LogPluginManager: Mounting plugin MacGraphicsSwitching
LogPluginManager: Mounting plugin MobileLauncherProfileWizard
LogPluginManager: Mounting plugin PluginBrowser
LogPluginManager: Mounting plugin SpeedTreeImporter
LogPluginManager: Mounting plugin DatasmithContent
LogPluginManager: Mounting plugin VariantManagerContent
LogPluginManager: Mounting plugin AlembicImporter
LogPluginManager: Mounting plugin AutomationUtils
LogPluginManager: Mounting plugin BackChannel
LogPluginManager: Mounting plugin ChaosCloth
LogPluginManager: Mounting plugin ChaosClothEditor
LogPluginManager: Mounting plugin Niagara
LogPluginManager: Mounting plugin ChaosEditor
LogPluginManager: Mounting plugin ChaosNiagara
LogPluginManager: Mounting plugin ChaosSolverPlugin
LogPluginManager: Mounting plugin CharacterAI
LogPluginManager: Mounting plugin GeometryCache
LogPluginManager: Mounting plugin GeometryCollectionPlugin
LogPluginManager: Mounting plugin GeometryProcessing
LogPluginManager: Mounting plugin OpenImageDenoise
LogPluginManager: Mounting plugin MotoSynth
LogPluginManager: Mounting plugin PlanarCut
LogPluginManager: Mounting plugin PlatformCrypto
LogPluginManager: Mounting plugin ProxyLODPlugin
LogPluginManager: Mounting plugin PythonScriptPlugin
LogPluginManager: Mounting plugin SkeletalReduction
LogPluginManager: Mounting plugin MagicLeap
LogPluginManager: Mounting plugin LuminPlatformFeatures
LogPluginManager: Mounting plugin MagicLeapLightEstimation
LogPluginManager: Mounting plugin MagicLeapMedia
LogPluginManager: Mounting plugin MagicLeapPassableWorld
LogPluginManager: Mounting plugin MLSDK
LogPluginManager: Mounting plugin AndroidMedia
LogPluginManager: Mounting plugin AvfMedia
LogPluginManager: Mounting plugin ImgMedia
LogPluginManager: Mounting plugin MediaCompositing
LogPluginManager: Mounting plugin MediaPlayerEditor
LogPluginManager: Mounting plugin WebMMedia
LogPluginManager: Mounting plugin WmfMedia
LogPluginManager: Mounting plugin TcpMessaging
LogPluginManager: Mounting plugin UdpMessaging
LogPluginManager: Mounting plugin ActorSequence
LogPluginManager: Mounting plugin LevelSequenceEditor
LogPluginManager: Mounting plugin MatineeToLevelSequence
LogPluginManager: Mounting plugin TemplateSequence
LogPluginManager: Mounting plugin OnlineSubsystem
LogPluginManager: Mounting plugin OnlineSubsystemNull
LogPluginManager: Mounting plugin OnlineSubsystemUtils
LogPluginManager: Mounting plugin LauncherChunkInstaller
LogPluginManager: Mounting plugin ActorLayerUtilities
LogPluginManager: Mounting plugin AndroidMoviePlayer
LogPluginManager: Mounting plugin AndroidPermission
LogPluginManager: Mounting plugin AppleImageUtils
LogPluginManager: Mounting plugin AppleMoviePlayer
LogPluginManager: Mounting plugin ArchVisCharacter
LogPluginManager: Mounting plugin AssetTags
LogPluginManager: Mounting plugin AudioCapture
LogPluginManager: Mounting plugin AudioSynesthesia
LogPluginManager: Mounting plugin CableComponent
LogPluginManager: Mounting plugin AndroidDeviceProfileSelector
LogPluginManager: Mounting plugin ChunkDownloader
LogPluginManager: Mounting plugin CustomMeshComponent
LogPluginManager: Mounting plugin EditableMesh
LogPluginManager: Mounting plugin ExampleDeviceProfileSelector
LogPluginManager: Mounting plugin GoogleCloudMessaging
LogPluginManager: Mounting plugin GooglePAD
LogPluginManager: Mounting plugin IOSDeviceProfileSelector
LogPluginManager: Mounting plugin LinuxDeviceProfileSelector
LogPluginManager: Mounting plugin LocationServicesBPLibrary
LogPluginManager: Mounting plugin MobilePatchingUtils
LogPluginManager: Mounting plugin OpenXR
LogPluginManager: Mounting plugin OpenXREyeTracker
LogPluginManager: Mounting plugin OpenXRHandTracking
LogPluginManager: Mounting plugin PhysXVehicles
LogPluginManager: Mounting plugin PostSplashScreen
LogPluginManager: Mounting plugin ProceduralMeshComponent
LogPluginManager: Mounting plugin PropertyAccessEditor
LogPluginManager: Mounting plugin RuntimePhysXCooking
LogPluginManager: Mounting plugin SignificanceManager
LogPluginManager: Mounting plugin SoundFields
LogPluginManager: Mounting plugin Synthesis
LogPluginManager: Mounting plugin WebMMoviePlayer
LogPluginManager: Mounting plugin WindowsMoviePlayer
LogPluginManager: Mounting plugin ScreenshotTools
LogPluginManager: Mounting plugin Takes
LogPluginManager: Mounting plugin ContentBrowserAssetDataSource
LogPluginManager: Mounting plugin ContentBrowserClassDataSource
LogPluginManager: Mounting plugin ContentBrowserFileDataSource
LogPluginManager: Mounting plugin OnlineSubsystemGooglePlay
LogPluginManager: Mounting plugin OnlineSubsystemIOS
LogPluginManager: Mounting plugin OculusVR
LogPluginManager: Mounting plugin SteamVR
PixWinPlugin: PIX capture plugin failed to initialize! Check that the process is launched from PIX.
LogInit: Using libcurl 7.55.1-DEV
LogInit:  - built for x86_64-pc-win32
LogInit:  - supports SSL with OpenSSL/1.1.1
LogInit:  - supports HTTP deflate (compression) using libz 1.2.8
LogInit:  - other features:
LogInit:      CURL_VERSION_SSL
LogInit:      CURL_VERSION_LIBZ
LogInit:      CURL_VERSION_IPV6
LogInit:      CURL_VERSION_ASYNCHDNS
LogInit:      CURL_VERSION_LARGEFILE
LogInit:      CURL_VERSION_IDN
LogInit:  CurlRequestOptions (configurable via config and command line):
LogInit:  - bVerifyPeer = true  - Libcurl will verify peer certificate
LogInit:  - bUseHttpProxy = false  - Libcurl will NOT use HTTP proxy
LogInit:  - bDontReuseConnections = false  - Libcurl will reuse connections
LogInit:  - MaxHostConnections = 16  - Libcurl will limit the number of connections to a host
LogInit:  - LocalHostAddr = Default
LogInit:  - BufferSize = 65536
LogOnline: OSS: Creating online subsystem instance for: NULL
LogInit: WinSock: version 1.1 (2.2), MaxSocks=32767, MaxUdp=65467
LogOnline: OSS: TryLoadSubsystemAndSetDefault: Loaded subsystem for module [NULL]
LogOculusPluginWrapper: OculusPlugin initialized successfully
LogHMD: Failed initializing OVRPlugin 1.59.0
LogInit: Build: ++UE4+Release-4.27-CL-18319896
LogInit: Engine Version: 4.27.2-18319896+++UE4+Release-4.27
LogInit: Compatible Engine Version: 4.27.0-17155196+++UE4+Release-4.27
LogInit: Net CL: 17155196
LogInit: OS: Windows 10 (Release 2009) (), CPU: Intel(R) Core(TM) i5-6500 CPU @ 3.20GHz, GPU: Radeon (TM) RX 480 Graphics
LogInit: Compiled (64-bit): Nov 30 2021 07:12:08
LogInit: Compiled with Visual C++: 19.24.28315.00
LogInit: Build Configuration: Development
LogInit: Branch Name: ++UE4+Release-4.27
LogInit: Command Line: 
LogInit: Base Directory: E:/Program Files/Epic Games/UE_4.27/Engine/Binaries/Win64/
LogInit: Allocator: TBB
LogInit: Installed Engine Build: 1
LogDevObjectVersion: Number of dev versions registered: 29
LogDevObjectVersion:   Dev-Blueprints (B0D832E4-1F89-4F0D-ACCF-7EB736FD4AA2): 10
LogDevObjectVersion:   Dev-Build (E1C64328-A22C-4D53-A36C-8E866417BD8C): 0
LogDevObjectVersion:   Dev-Core (375EC13C-06E4-48FB-B500-84F0262A717E): 4
LogDevObjectVersion:   Dev-Editor (E4B068ED-F494-42E9-A231-DA0B2E46BB41): 40
LogDevObjectVersion:   Dev-Framework (CFFC743F-43B0-4480-9391-14DF171D2073): 37
LogDevObjectVersion:   Dev-Mobile (B02B49B5-BB20-44E9-A304-32B752E40360): 3
LogDevObjectVersion:   Dev-Networking (A4E4105C-59A1-49B5-A7C5-40C4547EDFEE): 0
LogDevObjectVersion:   Dev-Online (39C831C9-5AE6-47DC-9A44-9C173E1C8E7C): 0
LogDevObjectVersion:   Dev-Physics (78F01B33-EBEA-4F98-B9B4-84EACCB95AA2): 14
LogDevObjectVersion:   Dev-Platform (6631380F-2D4D-43E0-8009-CF276956A95A): 0
LogDevObjectVersion:   Dev-Rendering (12F88B9F-8875-4AFC-A67C-D90C383ABD29): 45
LogDevObjectVersion:   Dev-Sequencer (7B5AE74C-D270-4C10-A958-57980B212A5A): 13
LogDevObjectVersion:   Dev-VR (D7296918-1DD6-4BDD-9DE2-64A83CC13884): 3
LogDevObjectVersion:   Dev-LoadTimes (C2A15278-BFE7-4AFE-6C17-90FF531DF755): 1
LogDevObjectVersion:   Private-Geometry (6EACA3D4-40EC-4CC1-B786-8BED09428FC5): 3
LogDevObjectVersion:   Dev-AnimPhys (29E575DD-E0A3-4627-9D10-D276232CDCEA): 17
LogDevObjectVersion:   Dev-Anim (AF43A65D-7FD3-4947-9873-3E8ED9C1BB05): 15
LogDevObjectVersion:   Dev-ReflectionCapture (6B266CEC-1EC7-4B8F-A30B-E4D90942FC07): 1
LogDevObjectVersion:   Dev-Automation (0DF73D61-A23F-47EA-B727-89E90C41499A): 1
LogDevObjectVersion:   FortniteMain (601D1886-AC64-4F84-AA16-D3DE0DEAC7D6): 47
LogDevObjectVersion:   FortniteRelease (E7086368-6B23-4C58-8439-1B7016265E91): 1
LogDevObjectVersion:   Dev-Enterprise (9DFFBCD6-494F-0158-E221-12823C92A888): 10
LogDevObjectVersion:   Dev-Niagara (F2AED0AC-9AFE-416F-8664-AA7FFA26D6FC): 1
LogDevObjectVersion:   Dev-Destruction (174F1F0B-B4C6-45A5-B13F-2EE8D0FB917D): 10
LogDevObjectVersion:   Dev-Physics-Ext (35F94A83-E258-406C-A318-09F59610247C): 41
LogDevObjectVersion:   Dev-PhysicsMaterial-Chaos (B68FC16E-8B1B-42E2-B453-215C058844FE): 1
LogDevObjectVersion:   Dev-CineCamera (B2E18506-4273-CFC2-A54E-F4BB758BBA07): 1
LogDevObjectVersion:   Dev-VirtualProduction (64F58936-FD1B-42BA-BA96-7289D5D0FA4E): 1
LogDevObjectVersion:   Dev-MediaFramework (6F0ED827-A609-4895-9C91-998D90180EA4): 2
LogInit: Presizing for max 25165824 objects, including 0 objects not considered by GC, pre-allocating 0 bytes for permanent pool.
LogConfig: Applying CVar settings from Section [/Script/Engine.StreamingSettings] File [D:/Videos/UE4 C++ Course/Projects/Tutorial/UE_CPP_Tutorial_1/Saved/Config/Windows/Engine.ini]
LogConfig: Setting CVar [[s.MinBulkDataSizeForAsyncLoading:131072]]
LogConfig: Setting CVar [[s.AsyncLoadingThreadEnabled:0]]
LogConfig: Setting CVar [[s.EventDrivenLoaderEnabled:1]]
LogConfig: Setting CVar [[s.WarnIfTimeLimitExceeded:0]]
LogConfig: Setting CVar [[s.TimeLimitExceededMultiplier:1.5]]
LogConfig: Setting CVar [[s.TimeLimitExceededMinTime:0.005]]
LogConfig: Setting CVar [[s.UseBackgroundLevelStreaming:1]]
LogConfig: Setting CVar [[s.PriorityAsyncLoadingExtraTime:15.0]]
LogConfig: Setting CVar [[s.LevelStreamingActorsUpdateTimeLimit:5.0]]
LogConfig: Setting CVar [[s.PriorityLevelStreamingActorsUpdateExtraTime:5.0]]
LogConfig: Setting CVar [[s.LevelStreamingComponentsRegistrationGranularity:10]]
LogConfig: Setting CVar [[s.UnregisterComponentsTimeLimit:1.0]]
LogConfig: Setting CVar [[s.LevelStreamingComponentsUnregistrationGranularity:5]]
LogConfig: Setting CVar [[s.FlushStreamingOnExit:1]]
LogInit: Object subsystem initialized
LogConfig: Setting CVar [[con.DebugEarlyDefault:1]]
LogConfig: Setting CVar [[r.setres:1280x720]]
[2022.01.16-02.37.19:394][  0]LogConfig: Setting CVar [[r.VSync:0]]
[2022.01.16-02.37.19:394][  0]LogConfig: Setting CVar [[r.RHICmdBypass:0]]
[2022.01.16-02.37.19:405][  0]LogConfig: Applying CVar settings from Section [/Script/Engine.RendererSettings] File [D:/Videos/UE4 C++ Course/Projects/Tutorial/UE_CPP_Tutorial_1/Saved/Config/Windows/Engine.ini]
[2022.01.16-02.37.19:405][  0]LogConfig: Setting CVar [[r.GPUCrashDebugging:0]]
[2022.01.16-02.37.19:405][  0]LogConfig: Applying CVar settings from Section [/Script/Engine.RendererOverrideSettings] File [D:/Videos/UE4 C++ Course/Projects/Tutorial/UE_CPP_Tutorial_1/Saved/Config/Windows/Engine.ini]
[2022.01.16-02.37.19:405][  0]LogConfig: Applying CVar settings from Section [/Script/Engine.StreamingSettings] File [D:/Videos/UE4 C++ Course/Projects/Tutorial/UE_CPP_Tutorial_1/Saved/Config/Windows/Engine.ini]
[2022.01.16-02.37.19:405][  0]LogConfig: Setting CVar [[s.MinBulkDataSizeForAsyncLoading:131072]]
[2022.01.16-02.37.19:405][  0]LogConfig: Setting CVar [[s.AsyncLoadingThreadEnabled:0]]
[2022.01.16-02.37.19:405][  0]LogConfig: Setting CVar [[s.EventDrivenLoaderEnabled:1]]
[2022.01.16-02.37.19:405][  0]LogConfig: Setting CVar [[s.WarnIfTimeLimitExceeded:0]]
[2022.01.16-02.37.19:405][  0]LogConfig: Setting CVar [[s.TimeLimitExceededMultiplier:1.5]]
[2022.01.16-02.37.19:405][  0]LogConfig: Setting CVar [[s.TimeLimitExceededMinTime:0.005]]
[2022.01.16-02.37.19:405][  0]LogConfig: Setting CVar [[s.UseBackgroundLevelStreaming:1]]
[2022.01.16-02.37.19:405][  0]LogConfig: Setting CVar [[s.PriorityAsyncLoadingExtraTime:15.0]]
[2022.01.16-02.37.19:405][  0]LogConfig: Setting CVar [[s.LevelStreamingActorsUpdateTimeLimit:5.0]]
[2022.01.16-02.37.19:405][  0]LogConfig: Setting CVar [[s.PriorityLevelStreamingActorsUpdateExtraTime:5.0]]
[2022.01.16-02.37.19:405][  0]LogConfig: Setting CVar [[s.LevelStreamingComponentsRegistrationGranularity:10]]
[2022.01.16-02.37.19:405][  0]LogConfig: Setting CVar [[s.UnregisterComponentsTimeLimit:1.0]]
[2022.01.16-02.37.19:405][  0]LogConfig: Setting CVar [[s.LevelStreamingComponentsUnregistrationGranularity:5]]
[2022.01.16-02.37.19:405][  0]LogConfig: Setting CVar [[s.FlushStreamingOnExit:1]]
[2022.01.16-02.37.19:405][  0]LogConfig: Applying CVar settings from Section [/Script/Engine.GarbageCollectionSettings] File [D:/Videos/UE4 C++ Course/Projects/Tutorial/UE_CPP_Tutorial_1/Saved/Config/Windows/Engine.ini]
[2022.01.16-02.37.19:405][  0]LogConfig: Setting CVar [[gc.MaxObjectsNotConsideredByGC:1]]
[2022.01.16-02.37.19:405][  0]LogConfig: Setting CVar [[gc.SizeOfPermanentObjectPool:0]]
[2022.01.16-02.37.19:405][  0]LogConfig: Setting CVar [[gc.FlushStreamingOnGC:0]]
[2022.01.16-02.37.19:405][  0]LogConfig: Setting CVar [[gc.NumRetriesBeforeForcingGC:10]]
[2022.01.16-02.37.19:405][  0]LogConfig: Setting CVar [[gc.AllowParallelGC:1]]
[2022.01.16-02.37.19:405][  0]LogConfig: Setting CVar [[gc.TimeBetweenPurgingPendingKillObjects:61.1]]
[2022.01.16-02.37.19:405][  0]LogConfig: Setting CVar [[gc.MaxObjectsInEditor:25165824]]
[2022.01.16-02.37.19:405][  0]LogConfig: Setting CVar [[gc.IncrementalBeginDestroyEnabled:1]]
[2022.01.16-02.37.19:405][  0]LogConfig: Setting CVar [[gc.CreateGCClusters:1]]
[2022.01.16-02.37.19:405][  0]LogConfig: Setting CVar [[gc.MinGCClusterSize:5]]
[2022.01.16-02.37.19:405][  0]LogConfig: Setting CVar [[gc.ActorClusteringEnabled:0]]
[2022.01.16-02.37.19:405][  0]LogConfig: Setting CVar [[gc.BlueprintClusteringEnabled:0]]
[2022.01.16-02.37.19:405][  0]LogConfig: Setting CVar [[gc.UseDisregardForGCOnDedicatedServers:0]]
[2022.01.16-02.37.19:406][  0]LogConfig: Setting CVar [[gc.MultithreadedDestructionEnabled:1]]
[2022.01.16-02.37.19:406][  0]LogConfig: Applying CVar settings from Section [/Script/Engine.NetworkSettings] File [D:/Videos/UE4 C++ Course/Projects/Tutorial/UE_CPP_Tutorial_1/Saved/Config/Windows/Engine.ini]
[2022.01.16-02.37.19:406][  0]LogConfig: Applying CVar settings from Section [/Script/UnrealEd.CookerSettings] File [D:/Videos/UE4 C++ Course/Projects/Tutorial/UE_CPP_Tutorial_1/Saved/Config/Windows/Engine.ini]
[2022.01.16-02.37.19:615][  0]LogConfig: Applying CVar settings from Section [ViewDistanceQuality@3] File [D:/Videos/UE4 C++ Course/Projects/Tutorial/UE_CPP_Tutorial_1/Saved/Config/Windows/Scalability.ini]
[2022.01.16-02.37.19:615][  0]LogConfig: Setting CVar [[r.SkeletalMeshLODBias:0]]
[2022.01.16-02.37.19:615][  0]LogConfig: Setting CVar [[r.ViewDistanceScale:1.0]]
[2022.01.16-02.37.19:615][  0]LogConfig: Applying CVar settings from Section [AntiAliasingQuality@3] File [D:/Videos/UE4 C++ Course/Projects/Tutorial/UE_CPP_Tutorial_1/Saved/Config/Windows/Scalability.ini]
[2022.01.16-02.37.19:615][  0]LogConfig: Setting CVar [[r.PostProcessAAQuality:4]]
[2022.01.16-02.37.19:615][  0]LogConfig: Applying CVar settings from Section [ShadowQuality@3] File [D:/Videos/UE4 C++ Course/Projects/Tutorial/UE_CPP_Tutorial_1/Saved/Config/Windows/Scalability.ini]
[2022.01.16-02.37.19:615][  0]LogConfig: Setting CVar [[r.LightFunctionQuality:1]]
[2022.01.16-02.37.19:615][  0]LogConfig: Setting CVar [[r.ShadowQuality:5]]
[2022.01.16-02.37.19:615][  0]LogConfig: Setting CVar [[r.Shadow.CSM.MaxCascades:10]]
[2022.01.16-02.37.19:615][  0]LogConfig: Setting CVar [[r.Shadow.MaxResolution:2048]]
[2022.01.16-02.37.19:615][  0]LogConfig: Setting CVar [[r.Shadow.MaxCSMResolution:2048]]
[2022.01.16-02.37.19:615][  0]LogConfig: Setting CVar [[r.Shadow.RadiusThreshold:0.01]]
[2022.01.16-02.37.19:615][  0]LogConfig: Setting CVar [[r.Shadow.DistanceScale:1.0]]
[2022.01.16-02.37.19:615][  0]LogConfig: Setting CVar [[r.Shadow.CSM.TransitionScale:1.0]]
[2022.01.16-02.37.19:615][  0]LogConfig: Setting CVar [[r.Shadow.PreShadowResolutionFactor:1.0]]
[2022.01.16-02.37.19:615][  0]LogConfig: Setting CVar [[r.DistanceFieldShadowing:1]]
[2022.01.16-02.37.19:615][  0]LogConfig: Setting CVar [[r.DistanceFieldAO:1]]
[2022.01.16-02.37.19:615][  0]LogConfig: Setting CVar [[r.AOQuality:2]]
[2022.01.16-02.37.19:615][  0]LogConfig: Setting CVar [[r.VolumetricFog:1]]
[2022.01.16-02.37.19:615][  0]LogConfig: Setting CVar [[r.VolumetricFog.GridPixelSize:8]]
[2022.01.16-02.37.19:615][  0]LogConfig: Setting CVar [[r.VolumetricFog.GridSizeZ:128]]
[2022.01.16-02.37.19:615][  0]LogConfig: Setting CVar [[r.VolumetricFog.HistoryMissSupersampleCount:4]]
[2022.01.16-02.37.19:615][  0]LogConfig: Setting CVar [[r.LightMaxDrawDistanceScale:1]]
[2022.01.16-02.37.19:615][  0]LogConfig: Setting CVar [[r.CapsuleShadows:1]]
[2022.01.16-02.37.19:615][  0]LogConfig: Applying CVar settings from Section [PostProcessQuality@3] File [D:/Videos/UE4 C++ Course/Projects/Tutorial/UE_CPP_Tutorial_1/Saved/Config/Windows/Scalability.ini]
[2022.01.16-02.37.19:615][  0]LogConfig: Setting CVar [[r.MotionBlurQuality:4]]
[2022.01.16-02.37.19:615][  0]LogConfig: Setting CVar [[r.AmbientOcclusionMipLevelFactor:0.4]]
[2022.01.16-02.37.19:615][  0]LogConfig: Setting CVar [[r.AmbientOcclusionMaxQuality:100]]
[2022.01.16-02.37.19:615][  0]LogConfig: Setting CVar [[r.AmbientOcclusionLevels:-1]]
[2022.01.16-02.37.19:615][  0]LogConfig: Setting CVar [[r.AmbientOcclusionRadiusScale:1.0]]
[2022.01.16-02.37.19:615][  0]LogConfig: Setting CVar [[r.DepthOfFieldQuality:2]]
[2022.01.16-02.37.19:615][  0]LogConfig: Setting CVar [[r.RenderTargetPoolMin:400]]
[2022.01.16-02.37.19:615][  0]LogConfig: Setting CVar [[r.LensFlareQuality:2]]
[2022.01.16-02.37.19:615][  0]LogConfig: Setting CVar [[r.SceneColorFringeQuality:1]]
[2022.01.16-02.37.19:615][  0]LogConfig: Setting CVar [[r.EyeAdaptationQuality:2]]
[2022.01.16-02.37.19:615][  0]LogConfig: Setting CVar [[r.BloomQuality:5]]
[2022.01.16-02.37.19:615][  0]LogConfig: Setting CVar [[r.FastBlurThreshold:100]]
[2022.01.16-02.37.19:615][  0]LogConfig: Setting CVar [[r.Upscale.Quality:3]]
[2022.01.16-02.37.19:615][  0]LogConfig: Setting CVar [[r.Tonemapper.GrainQuantization:1]]
[2022.01.16-02.37.19:615][  0]LogConfig: Setting CVar [[r.LightShaftQuality:1]]
[2022.01.16-02.37.19:615][  0]LogConfig: Setting CVar [[r.Filter.SizeScale:1]]
[2022.01.16-02.37.19:615][  0]LogConfig: Setting CVar [[r.Tonemapper.Quality:5]]
[2022.01.16-02.37.19:616][  0]LogConfig: Setting CVar [[r.DOF.Gather.AccumulatorQuality:1        ; higher gathering accumulator quality]]
[2022.01.16-02.37.19:616][  0]LogConfig: Setting CVar [[r.DOF.Gather.PostfilterMethod:1          ; Median3x3 postfilering method]]
[2022.01.16-02.37.19:616][  0]LogConfig: Setting CVar [[r.DOF.Gather.EnableBokehSettings:0       ; no bokeh simulation when gathering]]
[2022.01.16-02.37.19:616][  0]LogConfig: Setting CVar [[r.DOF.Gather.RingCount:4                 ; medium number of samples when gathering]]
[2022.01.16-02.37.19:616][  0]LogConfig: Setting CVar [[r.DOF.Scatter.ForegroundCompositing:1    ; additive foreground scattering]]
[2022.01.16-02.37.19:616][  0]LogConfig: Setting CVar [[r.DOF.Scatter.BackgroundCompositing:2    ; additive background scattering]]
[2022.01.16-02.37.19:616][  0]LogConfig: Setting CVar [[r.DOF.Scatter.EnableBokehSettings:1      ; bokeh simulation when scattering]]
[2022.01.16-02.37.19:616][  0]LogConfig: Setting CVar [[r.DOF.Scatter.MaxSpriteRatio:0.1         ; only a maximum of 10% of scattered bokeh]]
[2022.01.16-02.37.19:616][  0]LogConfig: Setting CVar [[r.DOF.Recombine.Quality:1                ; cheap slight out of focus]]
[2022.01.16-02.37.19:616][  0]LogConfig: Setting CVar [[r.DOF.Recombine.EnableBokehSettings:0    ; no bokeh simulation on slight out of focus]]
[2022.01.16-02.37.19:616][  0]LogConfig: Setting CVar [[r.DOF.TemporalAAQuality:1                ; more stable temporal accumulation]]
[2022.01.16-02.37.19:616][  0]LogConfig: Setting CVar [[r.DOF.Kernel.MaxForegroundRadius:0.025]]
[2022.01.16-02.37.19:616][  0]LogConfig: Setting CVar [[r.DOF.Kernel.MaxBackgroundRadius:0.025]]
[2022.01.16-02.37.19:616][  0]LogConfig: Applying CVar settings from Section [TextureQuality@3] File [D:/Videos/UE4 C++ Course/Projects/Tutorial/UE_CPP_Tutorial_1/Saved/Config/Windows/Scalability.ini]
[2022.01.16-02.37.19:616][  0]LogConfig: Setting CVar [[r.Streaming.MipBias:0]]
[2022.01.16-02.37.19:616][  0]LogConfig: Setting CVar [[r.Streaming.AmortizeCPUToGPUCopy:0]]
[2022.01.16-02.37.19:616][  0]LogConfig: Setting CVar [[r.Streaming.MaxNumTexturesToStreamPerFrame:0]]
[2022.01.16-02.37.19:616][  0]LogConfig: Setting CVar [[r.Streaming.Boost:1]]
[2022.01.16-02.37.19:616][  0]LogConfig: Setting CVar [[r.MaxAnisotropy:8]]
[2022.01.16-02.37.19:616][  0]LogConfig: Setting CVar [[r.VT.MaxAnisotropy:8]]
[2022.01.16-02.37.19:616][  0]LogConfig: Setting CVar [[r.Streaming.LimitPoolSizeToVRAM:0]]
[2022.01.16-02.37.19:616][  0]LogConfig: Setting CVar [[r.Streaming.PoolSize:1000]]
[2022.01.16-02.37.19:616][  0]LogConfig: Setting CVar [[r.Streaming.MaxEffectiveScreenSize:0]]
[2022.01.16-02.37.19:616][  0]LogConfig: Applying CVar settings from Section [EffectsQuality@3] File [D:/Videos/UE4 C++ Course/Projects/Tutorial/UE_CPP_Tutorial_1/Saved/Config/Windows/Scalability.ini]
[2022.01.16-02.37.19:616][  0]LogConfig: Setting CVar [[r.TranslucencyLightingVolumeDim:64]]
[2022.01.16-02.37.19:616][  0]LogConfig: Setting CVar [[r.RefractionQuality:2]]
[2022.01.16-02.37.19:616][  0]LogConfig: Setting CVar [[r.SSR.Quality:3]]
[2022.01.16-02.37.19:616][  0]LogConfig: Setting CVar [[r.SSR.HalfResSceneColor:0]]
[2022.01.16-02.37.19:616][  0]LogConfig: Setting CVar [[r.SceneColorFormat:4]]
[2022.01.16-02.37.19:616][  0]LogConfig: Setting CVar [[r.DetailMode:2]]
[2022.01.16-02.37.19:616][  0]LogConfig: Setting CVar [[r.TranslucencyVolumeBlur:1]]
[2022.01.16-02.37.19:616][  0]LogConfig: Setting CVar [[r.MaterialQualityLevel:1 ; High quality]]
[2022.01.16-02.37.19:616][  0]LogConfig: Setting CVar [[r.AnisotropicMaterials:1]]
[2022.01.16-02.37.19:616][  0]LogConfig: Setting CVar [[r.SSS.Scale:1]]
[2022.01.16-02.37.19:616][  0]LogConfig: Setting CVar [[r.SSS.SampleSet:2]]
[2022.01.16-02.37.19:616][  0]LogConfig: Setting CVar [[r.SSS.Quality:1]]
[2022.01.16-02.37.19:616][  0]LogConfig: Setting CVar [[r.SSS.HalfRes:0]]
[2022.01.16-02.37.19:616][  0]LogConfig: Setting CVar [[r.SSGI.Quality:3]]
[2022.01.16-02.37.19:616][  0]LogConfig: Setting CVar [[r.EmitterSpawnRateScale:1.0]]
[2022.01.16-02.37.19:616][  0]LogConfig: Setting CVar [[r.ParticleLightQuality:2]]
[2022.01.16-02.37.19:616][  0]LogConfig: Setting CVar [[r.SkyAtmosphere.AerialPerspectiveLUT.FastApplyOnOpaque:1 ; Always have FastSkyLUT 1 in this case to avoid wrong sky]]
[2022.01.16-02.37.19:616][  0]LogConfig: Setting CVar [[r.SkyAtmosphere.AerialPerspectiveLUT.SampleCountMaxPerSlice:4]]
[2022.01.16-02.37.19:616][  0]LogConfig: Setting CVar [[r.SkyAtmosphere.AerialPerspectiveLUT.DepthResolution:16.0]]
[2022.01.16-02.37.19:616][  0]LogConfig: Setting CVar [[r.SkyAtmosphere.FastSkyLUT:1]]
[2022.01.16-02.37.19:616][  0]LogConfig: Setting CVar [[r.SkyAtmosphere.FastSkyLUT.SampleCountMin:4.0]]
[2022.01.16-02.37.19:616][  0]LogConfig: Setting CVar [[r.SkyAtmosphere.FastSkyLUT.SampleCountMax:128.0]]
[2022.01.16-02.37.19:616][  0]LogConfig: Setting CVar [[r.SkyAtmosphere.SampleCountMin:4.0]]
[2022.01.16-02.37.19:616][  0]LogConfig: Setting CVar [[r.SkyAtmosphere.SampleCountMax:128.0]]
[2022.01.16-02.37.19:616][  0]LogConfig: Setting CVar [[r.SkyAtmosphere.TransmittanceLUT.UseSmallFormat:0]]
[2022.01.16-02.37.19:616][  0]LogConfig: Setting CVar [[r.SkyAtmosphere.TransmittanceLUT.SampleCount:10.0]]
[2022.01.16-02.37.19:616][  0]LogConfig: Setting CVar [[r.SkyAtmosphere.MultiScatteringLUT.SampleCount:15.0]]
[2022.01.16-02.37.19:616][  0]LogConfig: Setting CVar [[r.SkyLight.RealTimeReflectionCapture:1]]
[2022.01.16-02.37.19:616][  0]LogConfig: Applying CVar settings from Section [FoliageQuality@3] File [D:/Videos/UE4 C++ Course/Projects/Tutorial/UE_CPP_Tutorial_1/Saved/Config/Windows/Scalability.ini]
[2022.01.16-02.37.19:616][  0]LogConfig: Setting CVar [[foliage.DensityScale:1.0]]
[2022.01.16-02.37.19:616][  0]LogConfig: Setting CVar [[grass.DensityScale:1.0]]
[2022.01.16-02.37.19:616][  0]LogConfig: Applying CVar settings from Section [ShadingQuality@3] File [D:/Videos/UE4 C++ Course/Projects/Tutorial/UE_CPP_Tutorial_1/Saved/Config/Windows/Scalability.ini]
[2022.01.16-02.37.19:616][  0]LogConfig: Setting CVar [[r.HairStrands.SkyLighting.IntegrationType:2]]
[2022.01.16-02.37.19:616][  0]LogConfig: Setting CVar [[r.HairStrands.SkyAO.SampleCount:4]]
[2022.01.16-02.37.19:616][  0]LogConfig: Setting CVar [[r.HairStrands.Visibility.MSAA.SamplePerPixel:4]]
[2022.01.16-02.37.19:657][  0]LogInit: Selected Device Profile: [Windows]
[2022.01.16-02.37.19:667][  0]LogInit: Applying CVar settings loaded from the selected device profile: [Windows]
[2022.01.16-02.37.19:712][  0]LogHAL: Display: Platform has ~ 16 GB [17137967104 / 17179869184 / 16], which maps to Larger [LargestMinGB=32, LargerMinGB=12, DefaultMinGB=8, SmallerMinGB=6, SmallestMinGB=0)
[2022.01.16-02.37.19:712][  0]LogInit: Going up to parent DeviceProfile []
[2022.01.16-02.37.19:720][  0]LogConfig: Applying CVar settings from Section [ViewDistanceQuality@3] File [D:/Videos/UE4 C++ Course/Projects/Tutorial/UE_CPP_Tutorial_1/Saved/Config/Windows/Scalability.ini]
[2022.01.16-02.37.19:720][  0]LogConfig: Setting CVar [[r.SkeletalMeshLODBias:0]]
[2022.01.16-02.37.19:720][  0]LogConfig: Setting CVar [[r.ViewDistanceScale:1.0]]
[2022.01.16-02.37.19:720][  0]LogConfig: Applying CVar settings from Section [AntiAliasingQuality@3] File [D:/Videos/UE4 C++ Course/Projects/Tutorial/UE_CPP_Tutorial_1/Saved/Config/Windows/Scalability.ini]
[2022.01.16-02.37.19:720][  0]LogConfig: Setting CVar [[r.PostProcessAAQuality:4]]
[2022.01.16-02.37.19:720][  0]LogConfig: Applying CVar settings from Section [ShadowQuality@3] File [D:/Videos/UE4 C++ Course/Projects/Tutorial/UE_CPP_Tutorial_1/Saved/Config/Windows/Scalability.ini]
[2022.01.16-02.37.19:720][  0]LogConfig: Setting CVar [[r.LightFunctionQuality:1]]
[2022.01.16-02.37.19:720][  0]LogConfig: Setting CVar [[r.ShadowQuality:5]]
[2022.01.16-02.37.19:720][  0]LogConfig: Setting CVar [[r.Shadow.CSM.MaxCascades:10]]
[2022.01.16-02.37.19:720][  0]LogConfig: Setting CVar [[r.Shadow.MaxResolution:2048]]
[2022.01.16-02.37.19:721][  0]LogConfig: Setting CVar [[r.Shadow.MaxCSMResolution:2048]]
[2022.01.16-02.37.19:721][  0]LogConfig: Setting CVar [[r.Shadow.RadiusThreshold:0.01]]
[2022.01.16-02.37.19:721][  0]LogConfig: Setting CVar [[r.Shadow.DistanceScale:1.0]]
[2022.01.16-02.37.19:721][  0]LogConfig: Setting CVar [[r.Shadow.CSM.TransitionScale:1.0]]
[2022.01.16-02.37.19:721][  0]LogConfig: Setting CVar [[r.Shadow.PreShadowResolutionFactor:1.0]]
[2022.01.16-02.37.19:721][  0]LogConfig: Setting CVar [[r.DistanceFieldShadowing:1]]
[2022.01.16-02.37.19:721][  0]LogConfig: Setting CVar [[r.DistanceFieldAO:1]]
[2022.01.16-02.37.19:721][  0]LogConfig: Setting CVar [[r.AOQuality:2]]
[2022.01.16-02.37.19:721][  0]LogConfig: Setting CVar [[r.VolumetricFog:1]]
[2022.01.16-02.37.19:721][  0]LogConfig: Setting CVar [[r.VolumetricFog.GridPixelSize:8]]
[2022.01.16-02.37.19:721][  0]LogConfig: Setting CVar [[r.VolumetricFog.GridSizeZ:128]]
[2022.01.16-02.37.19:721][  0]LogConfig: Setting CVar [[r.VolumetricFog.HistoryMissSupersampleCount:4]]
[2022.01.16-02.37.19:721][  0]LogConfig: Setting CVar [[r.LightMaxDrawDistanceScale:1]]
[2022.01.16-02.37.19:721][  0]LogConfig: Setting CVar [[r.CapsuleShadows:1]]
[2022.01.16-02.37.19:722][  0]LogConfig: Applying CVar settings from Section [PostProcessQuality@3] File [D:/Videos/UE4 C++ Course/Projects/Tutorial/UE_CPP_Tutorial_1/Saved/Config/Windows/Scalability.ini]
[2022.01.16-02.37.19:722][  0]LogConfig: Setting CVar [[r.MotionBlurQuality:4]]
[2022.01.16-02.37.19:722][  0]LogConfig: Setting CVar [[r.AmbientOcclusionMipLevelFactor:0.4]]
[2022.01.16-02.37.19:722][  0]LogConfig: Setting CVar [[r.AmbientOcclusionMaxQuality:100]]
[2022.01.16-02.37.19:722][  0]LogConfig: Setting CVar [[r.AmbientOcclusionLevels:-1]]
[2022.01.16-02.37.19:722][  0]LogConfig: Setting CVar [[r.AmbientOcclusionRadiusScale:1.0]]
[2022.01.16-02.37.19:722][  0]LogConfig: Setting CVar [[r.DepthOfFieldQuality:2]]
[2022.01.16-02.37.19:722][  0]LogConfig: Setting CVar [[r.RenderTargetPoolMin:400]]
[2022.01.16-02.37.19:722][  0]LogConfig: Setting CVar [[r.LensFlareQuality:2]]
[2022.01.16-02.37.19:722][  0]LogConfig: Setting CVar [[r.SceneColorFringeQuality:1]]
[2022.01.16-02.37.19:722][  0]LogConfig: Setting CVar [[r.EyeAdaptationQuality:2]]
[2022.01.16-02.37.19:722][  0]LogConfig: Setting CVar [[r.BloomQuality:5]]
[2022.01.16-02.37.19:722][  0]LogConfig: Setting CVar [[r.FastBlurThreshold:100]]
[2022.01.16-02.37.19:723][  0]LogConfig: Setting CVar [[r.Upscale.Quality:3]]
[2022.01.16-02.37.19:723][  0]LogConfig: Setting CVar [[r.Tonemapper.GrainQuantization:1]]
[2022.01.16-02.37.19:723][  0]LogConfig: Setting CVar [[r.LightShaftQuality:1]]
[2022.01.16-02.37.19:723][  0]LogConfig: Setting CVar [[r.Filter.SizeScale:1]]
[2022.01.16-02.37.19:723][  0]LogConfig: Setting CVar [[r.Tonemapper.Quality:5]]
[2022.01.16-02.37.19:723][  0]LogConfig: Setting CVar [[r.DOF.Gather.AccumulatorQuality:1        ; higher gathering accumulator quality]]
[2022.01.16-02.37.19:723][  0]LogConfig: Setting CVar [[r.DOF.Gather.PostfilterMethod:1          ; Median3x3 postfilering method]]
[2022.01.16-02.37.19:723][  0]LogConfig: Setting CVar [[r.DOF.Gather.EnableBokehSettings:0       ; no bokeh simulation when gathering]]
[2022.01.16-02.37.19:723][  0]LogConfig: Setting CVar [[r.DOF.Gather.RingCount:4                 ; medium number of samples when gathering]]
[2022.01.16-02.37.19:723][  0]LogConfig: Setting CVar [[r.DOF.Scatter.ForegroundCompositing:1    ; additive foreground scattering]]
[2022.01.16-02.37.19:723][  0]LogConfig: Setting CVar [[r.DOF.Scatter.BackgroundCompositing:2    ; additive background scattering]]
[2022.01.16-02.37.19:723][  0]LogConfig: Setting CVar [[r.DOF.Scatter.EnableBokehSettings:1      ; bokeh simulation when scattering]]
[2022.01.16-02.37.19:723][  0]LogConfig: Setting CVar [[r.DOF.Scatter.MaxSpriteRatio:0.1         ; only a maximum of 10% of scattered bokeh]]
[2022.01.16-02.37.19:723][  0]LogConfig: Setting CVar [[r.DOF.Recombine.Quality:1                ; cheap slight out of focus]]
[2022.01.16-02.37.19:723][  0]LogConfig: Setting CVar [[r.DOF.Recombine.EnableBokehSettings:0    ; no bokeh simulation on slight out of focus]]
[2022.01.16-02.37.19:723][  0]LogConfig: Setting CVar [[r.DOF.TemporalAAQuality:1                ; more stable temporal accumulation]]
[2022.01.16-02.37.19:724][  0]LogConfig: Setting CVar [[r.DOF.Kernel.MaxForegroundRadius:0.025]]
[2022.01.16-02.37.19:724][  0]LogConfig: Setting CVar [[r.DOF.Kernel.MaxBackgroundRadius:0.025]]
[2022.01.16-02.37.19:724][  0]LogConfig: Applying CVar settings from Section [TextureQuality@3] File [D:/Videos/UE4 C++ Course/Projects/Tutorial/UE_CPP_Tutorial_1/Saved/Config/Windows/Scalability.ini]
[2022.01.16-02.37.19:724][  0]LogConfig: Setting CVar [[r.Streaming.MipBias:0]]
[2022.01.16-02.37.19:724][  0]LogConfig: Setting CVar [[r.Streaming.AmortizeCPUToGPUCopy:0]]
[2022.01.16-02.37.19:724][  0]LogConfig: Setting CVar [[r.Streaming.MaxNumTexturesToStreamPerFrame:0]]
[2022.01.16-02.37.19:724][  0]LogConfig: Setting CVar [[r.Streaming.Boost:1]]
[2022.01.16-02.37.19:724][  0]LogConfig: Setting CVar [[r.MaxAnisotropy:8]]
[2022.01.16-02.37.19:724][  0]LogConfig: Setting CVar [[r.VT.MaxAnisotropy:8]]
[2022.01.16-02.37.19:724][  0]LogConfig: Setting CVar [[r.Streaming.LimitPoolSizeToVRAM:0]]
[2022.01.16-02.37.19:724][  0]LogConfig: Setting CVar [[r.Streaming.PoolSize:1000]]
[2022.01.16-02.37.19:724][  0]LogConfig: Setting CVar [[r.Streaming.MaxEffectiveScreenSize:0]]
[2022.01.16-02.37.19:724][  0]LogConfig: Applying CVar settings from Section [EffectsQuality@3] File [D:/Videos/UE4 C++ Course/Projects/Tutorial/UE_CPP_Tutorial_1/Saved/Config/Windows/Scalability.ini]
[2022.01.16-02.37.19:724][  0]LogConfig: Setting CVar [[r.TranslucencyLightingVolumeDim:64]]
[2022.01.16-02.37.19:724][  0]LogConfig: Setting CVar [[r.RefractionQuality:2]]
[2022.01.16-02.37.19:725][  0]LogConfig: Setting CVar [[r.SSR.Quality:3]]
[2022.01.16-02.37.19:725][  0]LogConfig: Setting CVar [[r.SSR.HalfResSceneColor:0]]
[2022.01.16-02.37.19:725][  0]LogConfig: Setting CVar [[r.SceneColorFormat:4]]
[2022.01.16-02.37.19:725][  0]LogConfig: Setting CVar [[r.DetailMode:2]]
[2022.01.16-02.37.19:725][  0]LogConfig: Setting CVar [[r.TranslucencyVolumeBlur:1]]
[2022.01.16-02.37.19:725][  0]LogConfig: Setting CVar [[r.MaterialQualityLevel:1 ; High quality]]
[2022.01.16-02.37.19:725][  0]LogConfig: Setting CVar [[r.AnisotropicMaterials:1]]
[2022.01.16-02.37.19:725][  0]LogConfig: Setting CVar [[r.SSS.Scale:1]]
[2022.01.16-02.37.19:725][  0]LogConfig: Setting CVar [[r.SSS.SampleSet:2]]
[2022.01.16-02.37.19:725][  0]LogConfig: Setting CVar [[r.SSS.Quality:1]]
[2022.01.16-02.37.19:725][  0]LogConfig: Setting CVar [[r.SSS.HalfRes:0]]
[2022.01.16-02.37.19:725][  0]LogConfig: Setting CVar [[r.SSGI.Quality:3]]
[2022.01.16-02.37.19:725][  0]LogConfig: Setting CVar [[r.EmitterSpawnRateScale:1.0]]
[2022.01.16-02.37.19:725][  0]LogConfig: Setting CVar [[r.ParticleLightQuality:2]]
[2022.01.16-02.37.19:725][  0]LogConfig: Setting CVar [[r.SkyAtmosphere.AerialPerspectiveLUT.FastApplyOnOpaque:1 ; Always have FastSkyLUT 1 in this case to avoid wrong sky]]
[2022.01.16-02.37.19:725][  0]LogConfig: Setting CVar [[r.SkyAtmosphere.AerialPerspectiveLUT.SampleCountMaxPerSlice:4]]
[2022.01.16-02.37.19:725][  0]LogConfig: Setting CVar [[r.SkyAtmosphere.AerialPerspectiveLUT.DepthResolution:16.0]]
[2022.01.16-02.37.19:725][  0]LogConfig: Setting CVar [[r.SkyAtmosphere.FastSkyLUT:1]]
[2022.01.16-02.37.19:726][  0]LogConfig: Setting CVar [[r.SkyAtmosphere.FastSkyLUT.SampleCountMin:4.0]]
[2022.01.16-02.37.19:726][  0]LogConfig: Setting CVar [[r.SkyAtmosphere.FastSkyLUT.SampleCountMax:128.0]]
[2022.01.16-02.37.19:726][  0]LogConfig: Setting CVar [[r.SkyAtmosphere.SampleCountMin:4.0]]
[2022.01.16-02.37.19:726][  0]LogConfig: Setting CVar [[r.SkyAtmosphere.SampleCountMax:128.0]]
[2022.01.16-02.37.19:726][  0]LogConfig: Setting CVar [[r.SkyAtmosphere.TransmittanceLUT.UseSmallFormat:0]]
[2022.01.16-02.37.19:726][  0]LogConfig: Setting CVar [[r.SkyAtmosphere.TransmittanceLUT.SampleCount:10.0]]
[2022.01.16-02.37.19:726][  0]LogConfig: Setting CVar [[r.SkyAtmosphere.MultiScatteringLUT.SampleCount:15.0]]
[2022.01.16-02.37.19:726][  0]LogConfig: Setting CVar [[r.SkyLight.RealTimeReflectionCapture:1]]
[2022.01.16-02.37.19:726][  0]LogConfig: Applying CVar settings from Section [FoliageQuality@3] File [D:/Videos/UE4 C++ Course/Projects/Tutorial/UE_CPP_Tutorial_1/Saved/Config/Windows/Scalability.ini]
[2022.01.16-02.37.19:726][  0]LogConfig: Setting CVar [[foliage.DensityScale:1.0]]
[2022.01.16-02.37.19:726][  0]LogConfig: Setting CVar [[grass.DensityScale:1.0]]
[2022.01.16-02.37.19:726][  0]LogConfig: Applying CVar settings from Section [ShadingQuality@3] File [D:/Videos/UE4 C++ Course/Projects/Tutorial/UE_CPP_Tutorial_1/Saved/Config/Windows/Scalability.ini]
[2022.01.16-02.37.19:726][  0]LogConfig: Setting CVar [[r.HairStrands.SkyLighting.IntegrationType:2]]
[2022.01.16-02.37.19:726][  0]LogConfig: Setting CVar [[r.HairStrands.SkyAO.SampleCount:4]]
[2022.01.16-02.37.19:726][  0]LogConfig: Setting CVar [[r.HairStrands.Visibility.MSAA.SamplePerPixel:4]]
[2022.01.16-02.37.19:726][  0]LogConfig: Applying CVar settings from Section [Startup] File [../../../Engine/Config/ConsoleVariables.ini]
[2022.01.16-02.37.19:742][  0]LogConfig: Setting CVar [[net.UseAdaptiveNetUpdateFrequency:0]]
[2022.01.16-02.37.19:742][  0]LogConfig: Setting CVar [[p.chaos.AllowCreatePhysxBodies:1]]
[2022.01.16-02.37.19:742][  0]LogConfig: Setting CVar [[fx.SkipVectorVMBackendOptimizations:1]]
[2022.01.16-02.37.19:742][  0]LogConfig: Applying CVar settings from Section [ConsoleVariables] File [D:/Videos/UE4 C++ Course/Projects/Tutorial/UE_CPP_Tutorial_1/Saved/Config/Windows/Engine.ini]
[2022.01.16-02.37.19:742][  0]LogConfig: Applying CVar settings from Section [ConsoleVariables] File [D:/Videos/UE4 C++ Course/Projects/Tutorial/UE_CPP_Tutorial_1/Saved/Config/Windows/Editor.ini]
[2022.01.16-02.37.19:766][  0]LogInit: Computer: BILLS_GAMING_MA
[2022.01.16-02.37.19:766][  0]LogInit: User: wwestlake
[2022.01.16-02.37.19:766][  0]LogInit: CPU Page size=4096, Cores=4
[2022.01.16-02.37.19:767][  0]LogInit: High frequency timer resolution =10.000000 MHz
[2022.01.16-02.37.19:767][  0]LogMemory: Memory total: Physical=16.0GB (16GB approx)
[2022.01.16-02.37.19:767][  0]LogMemory: Platform Memory Stats for Windows
[2022.01.16-02.37.19:767][  0]LogMemory: Process Physical Memory: 139.62 MB used, 139.62 MB peak
[2022.01.16-02.37.19:767][  0]LogMemory: Process Virtual Memory: 111.29 MB used, 111.29 MB peak
[2022.01.16-02.37.19:767][  0]LogMemory: Physical Memory: 8040.04 MB used,  8304.00 MB free, 16344.04 MB total
[2022.01.16-02.37.19:767][  0]LogMemory: Virtual Memory: 134208448.00 MB used,  9276.97 MB free, 134217728.00 MB total
[2022.01.16-02.37.19:839][  0]LogWindows: WindowsPlatformFeatures enabled
[2022.01.16-02.37.21:738][  0]LogInit: Physics initialised using underlying interface: PhysX
[2022.01.16-02.37.21:818][  0]LogInit: Using OS detected language (en-US).
[2022.01.16-02.37.21:818][  0]LogInit: Using OS detected locale (en-US).
[2022.01.16-02.37.21:951][  0]LogTextLocalizationManager: No specific localization for 'en-US' exists, so the 'en' localization will be used.
[2022.01.16-02.37.22:875][  0]LogInit: Setting process to per monitor DPI aware
[2022.01.16-02.37.23:037][  0]LogWindowsTextInputMethodSystem: Display: IME system deactivated.
[2022.01.16-02.37.23:607][  0]LogSlate: New Slate User Created.  User Index 0, Is Virtual User: 0
[2022.01.16-02.37.23:607][  0]LogSlate: Slate User Registered.  User Index 0, Is Virtual User: 0
[2022.01.16-02.37.27:157][  0]LogD3D11RHI: Loaded GFSDK_Aftermath_Lib.x64.dll
[2022.01.16-02.37.27:185][  0]LogHMD: Failed to initialize OpenVR with code 110
[2022.01.16-02.37.27:185][  0]LogD3D11RHI: D3D11 min allowed feature level: 11_0
[2022.01.16-02.37.27:185][  0]LogD3D11RHI: D3D11 max allowed feature level: 11_0
[2022.01.16-02.37.27:185][  0]LogD3D11RHI: D3D11 adapters:
[2022.01.16-02.37.27:326][  0]LogD3D11RHI:    0. 'Radeon (TM) RX 480 Graphics' (Feature Level 11_0)
[2022.01.16-02.37.27:326][  0]LogD3D11RHI:       8171/0/8172 MB DedicatedVideo/DedicatedSystem/SharedSystem, Outputs:3, VendorId:0x1002
[2022.01.16-02.37.27:330][  0]LogD3D11RHI:    1. 'Microsoft Basic Render Driver' (Feature Level 11_0)
[2022.01.16-02.37.27:330][  0]LogD3D11RHI:       0/0/8172 MB DedicatedVideo/DedicatedSystem/SharedSystem, Outputs:0, VendorId:0x1414
[2022.01.16-02.37.27:330][  0]LogD3D11RHI: Chosen D3D11 Adapter:
[2022.01.16-02.37.27:330][  0]LogD3D11RHI:     Description : Radeon (TM) RX 480 Graphics
[2022.01.16-02.37.27:330][  0]LogD3D11RHI:     VendorId    : 1002
[2022.01.16-02.37.27:330][  0]LogD3D11RHI:     DeviceId    : 67df
[2022.01.16-02.37.27:330][  0]LogD3D11RHI:     SubSysId    : 34131462
[2022.01.16-02.37.27:330][  0]LogD3D11RHI:     Revision    : 00c7
[2022.01.16-02.37.27:330][  0]LogD3D11RHI:     DedicatedVideoMemory : 8568401920 bytes
[2022.01.16-02.37.27:330][  0]LogD3D11RHI:     DedicatedSystemMemory : 0 bytes
[2022.01.16-02.37.27:330][  0]LogD3D11RHI:     SharedSystemMemory : 8568983552 bytes
[2022.01.16-02.37.27:330][  0]LogD3D11RHI:     AdapterLuid : 0 64540
[2022.01.16-02.37.27:355][  0]LogD3D11RHI: Creating new Direct3DDevice
[2022.01.16-02.37.27:355][  0]LogD3D11RHI:     GPU DeviceId: 0x67df (for the marketing name, search the web for "GPU Device Id")
[2022.01.16-02.37.27:355][  0]LogWindows: EnumDisplayDevices:
[2022.01.16-02.37.27:355][  0]LogWindows:    0. 'Radeon (TM) RX 480 Graphics' (P:1 D:1)
[2022.01.16-02.37.27:355][  0]LogWindows:    1. 'Radeon (TM) RX 480 Graphics' (P:0 D:1)
[2022.01.16-02.37.27:356][  0]LogWindows:    2. 'Radeon (TM) RX 480 Graphics' (P:0 D:1)
[2022.01.16-02.37.27:356][  0]LogWindows:    3. 'Radeon (TM) RX 480 Graphics' (P:0 D:0)
[2022.01.16-02.37.27:357][  0]LogWindows:    4. 'Radeon (TM) RX 480 Graphics' (P:0 D:0)
[2022.01.16-02.37.27:357][  0]LogWindows:    5. 'Radeon (TM) RX 480 Graphics' (P:0 D:0)
[2022.01.16-02.37.27:357][  0]LogWindows:    6. 'Radeon (TM) RX 480 Graphics' (P:0 D:0)
[2022.01.16-02.37.27:358][  0]LogWindows: DebugString: FoundDriverCount:7 
[2022.01.16-02.37.27:358][  0]LogD3D11RHI:     Adapter Name: Radeon (TM) RX 480 Graphics
[2022.01.16-02.37.27:358][  0]LogD3D11RHI:   Driver Version: Adrenalin 21.30.23.01 (internal:30.0.13023.1012, unified:30.0.13023.1012)
[2022.01.16-02.37.27:358][  0]LogD3D11RHI:      Driver Date: 10-18-2021
[2022.01.16-02.37.27:358][  0]LogRHI: Texture pool is 5182 MB (70% of 7403 MB)
[2022.01.16-02.37.27:423][  0]LogD3D11RHI: Creating D3DDevice with AMD AGS, using adapter:
[2022.01.16-02.37.27:423][  0]LogD3D11RHI:     Description : Radeon (TM) RX 480 Graphics
[2022.01.16-02.37.27:423][  0]LogD3D11RHI:     VendorId    : 1002
[2022.01.16-02.37.27:423][  0]LogD3D11RHI:     DeviceId    : 67df
[2022.01.16-02.37.27:423][  0]LogD3D11RHI:     SubSysId    : 34131462
[2022.01.16-02.37.27:423][  0]LogD3D11RHI:     Revision    : 00c7
[2022.01.16-02.37.27:423][  0]LogD3D11RHI:     DedicatedVideoMemory : 8568401920 bytes
[2022.01.16-02.37.27:423][  0]LogD3D11RHI:     DedicatedSystemMemory : 0 bytes
[2022.01.16-02.37.27:423][  0]LogD3D11RHI:     SharedSystemMemory : 8568983552 bytes
[2022.01.16-02.37.27:423][  0]LogD3D11RHI:     AdapterLuid : 0 64540
[2022.01.16-02.37.27:581][  0]LogD3D11RHI: Created device via AGS, feature level 11_0, supported extensions 1fffffbf.
[2022.01.16-02.37.27:581][  0]LogD3D11RHI: RHI has support for 64 bit atomics
[2022.01.16-02.37.27:581][  0]LogD3D11RHI: Async texture creation enabled
[2022.01.16-02.37.27:581][  0]LogD3D11RHI: Array index from any shader is supported
[2022.01.16-02.37.28:205][  0]LogD3D11RHI: GPU Timing Frequency: 25.000000 (Debug: 2 1)
[2022.01.16-02.37.29:347][  0]LogTargetPlatformManager: Display: Loaded TargetPlatform 'AllDesktop'
[2022.01.16-02.37.29:410][  0]LogTargetPlatformManager: Display: Loaded TargetPlatform 'Android'
[2022.01.16-02.37.29:410][  0]LogTargetPlatformManager: Display: Loaded TargetPlatform 'Android_ASTC'
[2022.01.16-02.37.29:410][  0]LogTargetPlatformManager: Display: Loaded TargetPlatform 'Android_DXT'
[2022.01.16-02.37.29:411][  0]LogTargetPlatformManager: Display: Loaded TargetPlatform 'Android_ETC2'
[2022.01.16-02.37.29:411][  0]LogTargetPlatformManager: Display: Loaded TargetPlatform 'AndroidClient'
[2022.01.16-02.37.29:411][  0]LogTargetPlatformManager: Display: Loaded TargetPlatform 'Android_ASTCClient'
[2022.01.16-02.37.29:411][  0]LogTargetPlatformManager: Display: Loaded TargetPlatform 'Android_DXTClient'
[2022.01.16-02.37.29:411][  0]LogTargetPlatformManager: Display: Loaded TargetPlatform 'Android_ETC2Client'
[2022.01.16-02.37.29:411][  0]LogTargetPlatformManager: Display: Loaded TargetPlatform 'Android_Multi'
[2022.01.16-02.37.29:411][  0]LogTargetPlatformManager: Display: Loaded TargetPlatform 'Android_MultiClient'
[2022.01.16-02.37.29:575][  0]LogTargetPlatformManager: Display: Loaded TargetPlatform 'IOSClient'
[2022.01.16-02.37.29:575][  0]LogTargetPlatformManager: Display: Loaded TargetPlatform 'IOS'
[2022.01.16-02.37.29:639][  0]LogTargetPlatformManager: Display: Loaded TargetPlatform 'Linux'
[2022.01.16-02.37.29:679][  0]LogTargetPlatformManager: Display: Loaded TargetPlatform 'LinuxNoEditor'
[2022.01.16-02.37.29:718][  0]LogTargetPlatformManager: Display: Loaded TargetPlatform 'LinuxClient'
[2022.01.16-02.37.29:758][  0]LogTargetPlatformManager: Display: Loaded TargetPlatform 'LinuxServer'
[2022.01.16-02.37.29:808][  0]LogTargetPlatformManager: Display: Loaded TargetPlatform 'LinuxAArch64NoEditor'
[2022.01.16-02.37.29:841][  0]LogTargetPlatformManager: Display: Loaded TargetPlatform 'LinuxAArch64Client'
[2022.01.16-02.37.29:877][  0]LogTargetPlatformManager: Display: Loaded TargetPlatform 'LinuxAArch64Server'
[2022.01.16-02.37.29:959][  0]LogTargetPlatformManager: Display: Loaded TargetPlatform 'Lumin'
[2022.01.16-02.37.29:959][  0]LogTargetPlatformManager: Display: Loaded TargetPlatform 'LuminClient'
[2022.01.16-02.37.30:024][  0]LogTargetPlatformManager: Display: Loaded TargetPlatform 'MacNoEditor'
[2022.01.16-02.37.30:059][  0]LogTargetPlatformManager: Display: Loaded TargetPlatform 'Mac'
[2022.01.16-02.37.30:083][  0]LogTargetPlatformManager: Display: Loaded TargetPlatform 'MacClient'
[2022.01.16-02.37.30:112][  0]LogTargetPlatformManager: Display: Loaded TargetPlatform 'MacServer'
[2022.01.16-02.37.30:173][  0]LogTargetPlatformManager: Display: Loaded TargetPlatform 'TVOSClient'
[2022.01.16-02.37.30:174][  0]LogTargetPlatformManager: Display: Loaded TargetPlatform 'TVOS'
[2022.01.16-02.37.30:244][  0]LogTargetPlatformManager: Display: Loaded TargetPlatform 'WindowsNoEditor'
[2022.01.16-02.37.30:295][  0]LogTargetPlatformManager: Display: Loaded TargetPlatform 'Windows'
[2022.01.16-02.37.30:341][  0]LogTargetPlatformManager: Display: Loaded TargetPlatform 'WindowsClient'
[2022.01.16-02.37.30:415][  0]LogTargetPlatformManager: Display: Loaded TargetPlatform 'WindowsServer'
[2022.01.16-02.37.30:415][  0]LogTargetPlatformManager: Display: Building Assets For Windows
[2022.01.16-02.37.30:630][  0]LogAudioDebug: Display: Lib vorbis DLL was dynamically loaded.
[2022.01.16-02.37.31:326][  0]LogTextureFormatOodle: Display: Oodle Texture 2.9.0 init RDO Off
[2022.01.16-02.37.33:087][  0]LogRendererCore: Ray tracing is disabled. Reason: r.RayTracing=0.
[2022.01.16-02.37.33:168][  0]LogShaderCompilers: Guid format shader working directory is -10 characters bigger than the processId version (D:/Videos/UE4 C++ Course/Projects/Tutorial/UE_CPP_Tutorial_1/Intermediate/Shaders/WorkingDirectory/9212/).
[2022.01.16-02.37.33:168][  0]LogShaderCompilers: Cleaned the shader compiler working directory 'C:/Users/wwestlake/AppData/Local/Temp/UnrealShaderWorkingDir/F776CE10492BB97BEBE6C98B1492973D/'.
[2022.01.16-02.37.33:196][  0]LogXGEController: Cannot use XGE Controller as Incredibuild is not installed on this machine.
[2022.01.16-02.37.33:196][  0]LogShaderCompilers: Cannot use XGE Shader Compiler as Incredibuild is not installed on this machine.
[2022.01.16-02.37.33:196][  0]LogShaderCompilers: Display: Using Local Shader Compiler.
[2022.01.16-02.37.37:818][  0]LogDerivedDataCache: Display: Max Cache Size: 512 MB
[2022.01.16-02.37.38:652][  0]LogDerivedDataCache: Loaded boot cache 0.83s 99MB C:/Users/wwestlake/AppData/Local/UnrealEngine/4.27/DerivedDataCache/Boot.ddc.
[2022.01.16-02.37.38:653][  0]LogDerivedDataCache: Display: Loaded Boot cache: C:/Users/wwestlake/AppData/Local/UnrealEngine/4.27/DerivedDataCache/Boot.ddc
[2022.01.16-02.37.38:653][  0]LogDerivedDataCache: FDerivedDataBackendGraph:  Pak pak cache file D:/Videos/UE4 C++ Course/Projects/Tutorial/UE_CPP_Tutorial_1/DerivedDataCache/DDC.ddp not found, will not use a pak cache.
[2022.01.16-02.37.38:653][  0]LogDerivedDataCache: Unable to find inner node Pak for hierarchical cache Hierarchy.
[2022.01.16-02.37.38:653][  0]LogDerivedDataCache: FDerivedDataBackendGraph:  CompressedPak pak cache file D:/Videos/UE4 C++ Course/Projects/Tutorial/UE_CPP_Tutorial_1/DerivedDataCache/Compressed.ddp not found, will not use a pak cache.
[2022.01.16-02.37.38:653][  0]LogDerivedDataCache: Unable to find inner node CompressedPak for hierarchical cache Hierarchy.
[2022.01.16-02.37.38:860][  0]LogDerivedDataCache: Display: Pak cache opened for reading ../../../Engine/DerivedDataCache/Compressed.ddp.
[2022.01.16-02.37.38:860][  0]LogDerivedDataCache: FDerivedDataBackendGraph:  EnterprisePak pak cache file ../../../Enterprise/DerivedDataCache/Compressed.ddp not found, will not use a pak cache.
[2022.01.16-02.37.38:860][  0]LogDerivedDataCache: Unable to find inner node EnterprisePak for hierarchical cache Hierarchy.
[2022.01.16-02.37.38:922][  0]LogDerivedDataCache: Speed tests for C:/Users/wwestlake/AppData/Local/UnrealEngine/Common/DerivedDataCache took 0.06 seconds
[2022.01.16-02.37.38:922][  0]LogDerivedDataCache: Display: Performance to C:/Users/wwestlake/AppData/Local/UnrealEngine/Common/DerivedDataCache: Latency=0.13ms. RandomReadSpeed=17.07MBs, RandomWriteSpeed=149.44MBs. Assigned SpeedClass 'Local'
[2022.01.16-02.37.38:923][  0]LogDerivedDataCache: Using Local data cache path C:/Users/wwestlake/AppData/Local/UnrealEngine/Common/DerivedDataCache: Writable
[2022.01.16-02.37.38:924][  0]LogDerivedDataCache: Shared data cache path not found in *engine.ini, will not use an Shared cache.
[2022.01.16-02.37.38:924][  0]LogDerivedDataCache: Unable to find inner node Shared for hierarchical cache Hierarchy.
[2022.01.16-02.37.39:171][  0]LogSlate: Using FreeType 2.10.0
[2022.01.16-02.37.39:320][  0]LogSlate: SlateFontServices - WITH_FREETYPE: 1, WITH_HARFBUZZ: 1
[2022.01.16-02.37.40:961][  0]LogAssetRegistry: FAssetRegistry took 0.0599 seconds to start up
[2022.01.16-02.37.46:604][  0]LogInit: Selected Device Profile: [Windows]
[2022.01.16-02.37.46:604][  0]LogInit: Active device profile: [00000176DB42FC00][00000176DC15B140 49] Windows
[2022.01.16-02.37.46:604][  0]LogInit: Profiles: [00000176DB42FC00][00000176DC15B140 49] Windows, [00000176DB3E4600][00000176D5B032C0 49] WindowsNoEditor, [00000176DB42C600][00000176D3DF3440 49] WindowsServer, [00000176DB3E7200][00000176D3DF75C0 49] WindowsClient, [00000176DB42F100][00000176D5B17740 49] IOS, [00000176DB3E5100][00000176D5B1B8C0 49] iPadAir, [00000176DB42CF00][00000176DC12BA40 49] iPadAir2, [00000176DB3A3F00][00000176DC132180 49] IPadPro, [00000176DB3A3E00][00000176DC12E1C0 49] iPadAir3, [00000176DB42C300][00000176D5BA2340 49] iPadAir4, [00000176DB3A0B00][00000176D5BA64C0 49] iPadMini2, [00000176DB42DB00][00000176D5BAA640 49] iPadMini3, [00000176DB3A2C00][00000176D5BAE7C0 49] iPadMini4, [00000176DB42CA00][00000176D5BB2940 49] iPadMini5, [00000176DB3DF800][00000176D5B06BC0 49] iPhone6, [00000176DB3DF900][00000176D5BB6C00 49] iPodTouch6, [00000176DB3A0F00][00000176D5BBEE40 49] iPhone7, [00000176DB3A1000][00000176D5BBAE80 49] iPodTouch7, [00000176DB3DCA00][00000176D5BC2FC0 49] iPhone5S, [00000176DB3A2600][00000176DC067140 49] iPhone6Plus, [00000176DB3DED00][00000176DC06B2C0 49] iPhone6S, [00000176DB3A3900][00000176DC06F440 49] iPhone6SPlus, [00000176DB3DD400][00000176DC0735C0 49] iPhone7Plus, [00000176DB3A2E00][00000176DC077740 49] iPhoneSE, [00000176DB3DE400][00000176DC07B8C0 49] iPhone8, [00000176DB3A1900][00000176DC07FA40 49] iPhone8Plus, [00000176DB3DD800][00000176DC083BC0 49] iPhoneX, [00000176DB3A0E00][00000176DC0861C0 49] iPhoneXS, [00000176DB3DE000][00000176DC08A340 49] iPhoneXSMax, [00000176DB3A0900][00000176DBF1E4C0 49] iPhoneXR, [00000176DB3DFD00][00000176DBF22640 49] iPhone11, [00000176DB3A1D00][00000176DBF267C0 49] iPhone11Pro, [00000176DB3DEC00][00000176DBF2A940 49] iPhone11ProMax, [00000176DB3A3800][00000176DBF2EAC0 49] iPhoneSE2, [00000176DB3DEE00][00000176D3DBCC40 49] iPhone12Mini, [00000176DB3A3B00][00000176D5BC6D80 49] iPhone12, [00000176DB3DC900][00000176D3DC0EC0 49] iPhone12Pro, [00000176DB3A3000][00000176D3DC5000 49] iPhone12ProMax, [00000176DB3DD600][00000176D3DC9140 49] iPadPro105, [00000176DB3A0400][00000176D3DD12C0 49] iPadPro129, [00000176DB3DE800][00000176D3DD5440 49] iPadPro97, [00000176DB3A1B00][00000176D3DD95C0 49] iPadPro2_129, [00000176DB3DDA00][00000176D3D1D740 49] iPad5, [00000176DB3A2100][00000176D3D218C0 49] iPad6, [00000176DB3DE700][00000176D3D25A40 49] iPad7, [00000176DB3A1400][00000176D3D29BC0 49] iPad8, [00000176DB3DCE00][00000176D3D2C1C0 49] iPadPro11, [00000176DB3A3600][00000176D3D30340 49] iPadPro2_11, [00000176DB3DD200][00000176D3D344C0 49] iPadPro3_129, [00000176DB3A1600][00000176D3D38640 49] iPadPro4_129, [00000176DB3DFB00][00000176D3D3C7C0 49] AppleTV, [00000176DB3A0D00][00000176D3D40940 49] AppleTV4K, [00000176DB3DFC00][00000176C0E60AC0 49] TVOS, [00000176DB3A1300][00000176C0E64C40 49] Mac, [00000176DB3DC600][00000176C0E68DC0 49] MacClient, [00000176DB3A3200][00000176C0E6CF40 49] MacNoEditor, [00000176DB3DC400][00000176D3DCD080 49] MacServer, [00000176DB3A2700][00000176C0E711C0 49] Linux, [00000176DB3DE200][00000176C0E75300 49] LinuxAArch64, [00000176DB3A1800][00000176C0E7D480 49] LinuxNoEditor, [00000176DB3DE900][00000176C0E81600 49] LinuxAArch64NoEditor, [00000176DB3A1F00][00000176C0E85780 49] LinuxClient, [00000176DB3DC200][00000176C0E89900 49] LinuxAArch64Client, [00000176DB3E4200][00000176C0E8DA80 49] LinuxServer, [00000176DB818E00][00000176D5CC1C00 49] LinuxAArch64Server, [00000176DB3E6B00][00000176D5CC4200 49] Android, [00000176DB818400][00000176D5CC8380 49] Android_Low, [00000176DB3E6D00][00000176D5CCC500 49] Android_Mid, [00000176DB819E00][00000176D5CD0680 49] Android_High, [00000176DB3E5900][00000176D5CD4800 49] Android_Default, [00000176DB819200][00000176D5CD8980 49] Android_Adreno4xx, [00000176DB3E4F00][00000176D5CDCB00 49] Android_Adreno5xx_Low, [00000176DB81A900][00000176D5CE0C80 49] Android_Adreno5xx, [00000176DB3E5F00][00000176D5CE4E00 49] Android_Adreno6xx, [00000176DB81A800][00000176D5CE8F80 49] Android_Adreno6xx_Vulkan, [00000176DB3E7F00][00000176D5CED100 49] Android_Mali_T6xx, [00000176DB818600][00000176C0E79240 49] Android_Mali_T7xx, [00000176DB3E7A00][00000176D5CF1380 49] Android_Mali_T8xx, [00000176DB819300][00000176D5CF54C0 49] Android_Mali_G71, [00000176DB3E7E00][00000176D5CFD640 49] Android_Mali_G72, [00000176DB818C00][00000176D5D017C0 49] Android_Mali_G72_Vulkan, [00000176DB3E5E00][00000176D5D05940 49] Android_Mali_G76, [00000176DB81AE00][00000176D5D09AC0 49] Android_Mali_G76_Vulkan, [00000176DB3E4300][00000176D5D0C0C0 49] Android_Mali_G77, [00000176DB81A100][00000176D5D10240 49] Android_Mali_G77_Vulkan, [00000176DB3DEB00][00000176D5D143C0 49] Android_Mali_G78, [00000176DB818700][00000176D5D18540 49] Android_Mali_G78_Vulkan, [00000176DB3DD100][00000176D5D1C6C0 49] Android_Mali_G710, [00000176DB818A00][00000176D5D20840 49] Android_Mali_G710_Vulkan, [00000176DB3DDC00][00000176D5D249C0 49] Android_Vulkan_SM5, [00000176DB819700][00000176D5D28B40 49] Android_PowerVR_G6xxx, [00000176DB3DDD00][00000176DBF32CC0 49] Android_PowerVR_GT7xxx, [00000176DB819C00][00000176DBF36E40 49] Android_PowerVR_GE8xxx, [00000176DB3DFF00][00000176DBF3AFC0 49] Android_PowerVR_GM9xxx, [00000176DB818D00][00000176DBF3F140 49] Android_PowerVR_GM9xxx_Vulkan, [00000176DB3DF300][00000176DBF432C0 49] Android_TegraK1, [00000176DB81A600][00000176D5CF9400 49] Android_Unknown_Vulkan, [00000176DB3DC500][00000176DBF47540 49] Lumin, [00000176DB818800][00000176DBF4B680 49] Lumin_Desktop, [00000176DB3DFE00][00000176DBF4F7C0 49] HoloLens, 
[2022.01.16-02.37.49:251][  0]LogMeshReduction: Using QuadricMeshReduction for automatic static mesh reduction
[2022.01.16-02.37.49:251][  0]LogMeshReduction: Using SimplygonMeshReduction for automatic skeletal mesh reduction
[2022.01.16-02.37.49:251][  0]LogMeshReduction: Using ProxyLODMeshReduction for automatic mesh merging
[2022.01.16-02.37.49:251][  0]LogMeshReduction: No distributed automatic mesh merging module available
[2022.01.16-02.37.49:252][  0]LogMeshMerging: No distributed automatic mesh merging module available
[2022.01.16-02.37.50:115][  0]LogNetVersion: UE_CPP_Tutorial_1 1.0.0, NetCL: 17155196, EngineNetVer: 17, GameNetVer: 0 (Checksum: 1888949410)
[2022.01.16-02.38.04:353][  0]LogTexture: Default maximum texture size for cubemaps generated from long-lat sources has been changed from 512 to unlimited. In order to preserve old behaiour for '/Engine/MapTemplates/Sky/DaylightAmbientCubemap.DaylightAmbientCubemap', its maximum texture size has been explicitly set to 512.
[2022.01.16-02.38.05:242][  0]LogHMD: PokeAHoleMaterial loaded successfully
[2022.01.16-02.38.05:310][  0]LogUObjectArray: 17178 objects as part of root set at end of initial load.
[2022.01.16-02.38.05:310][  0]LogUObjectAllocator: 4302048 out of 0 bytes used by permanent object pool.
[2022.01.16-02.38.05:310][  0]LogUObjectArray: CloseDisregardForGC: 0/0 objects in disregard for GC pool
[2022.01.16-02.38.12:313][  0]LogNiagaraDebuggerClient: Niagara Debugger Client Initialized | Session: F535E53048F35D405E02C68BA5F94CCD | Instance: B40B737F4DD7A2F32B760BA612FEC744 (BILLS_GAMING_MA-9212).
[2022.01.16-02.38.13:359][  0]LogPython: Using Python 3.7.7
[2022.01.16-02.38.16:627][  0]LogTcpMessaging: Initializing TcpMessaging bridge
[2022.01.16-02.38.16:690][  0]LogUdpMessaging: Initializing bridge on interface 0.0.0.0:0 to multicast group 230.0.0.1:6666.
[2022.01.16-02.38.19:059][  0]LogLinker: Warning: Failed to load '/Game/ThirdPersonBP/ThirdPersonOverview': Can't find file.
[2022.01.16-02.38.19:059][  0]LogLinker: Warning: Failed to load '/Game/ThirdPersonBP/ThirdPersonOverview': Can't find file.
[2022.01.16-02.38.19:060][  0]LogUObjectGlobals: Warning: Failed to find object 'Class /Game/ThirdPersonBP/ThirdPersonOverview.ThirdPersonOverview_C'
[2022.01.16-02.38.20:643][  0]SourceControl: Source control is disabled
[2022.01.16-02.38.20:643][  0]SourceControl: Source control is disabled
[2022.01.16-02.38.20:862][  0]SourceControl: Source control is disabled
[2022.01.16-02.38.20:895][  0]SourceControl: Source control is disabled
[2022.01.16-02.38.21:059][  0]SourceControl: Source control is disabled
[2022.01.16-02.38.21:110][  0]LogUProjectInfo: Found projects:
[2022.01.16-02.38.24:727][  0]LogOpenImageDenoise: OIDN starting up
[2022.01.16-02.38.25:366][  0]LogAndroidPermission: UAndroidPermissionCallbackProxy::GetInstance
[2022.01.16-02.38.25:586][  0]LogAudioCaptureCore: Display: No Audio Capture implementations found. Audio input will be silent.
[2022.01.16-02.38.25:586][  0]LogAudioCaptureCore: Display: No Audio Capture implementations found. Audio input will be silent.
[2022.01.16-02.38.27:564][  0]LogCollectionManager: Loaded 0 collections in 0.001879 seconds
[2022.01.16-02.38.27:618][  0]LogFileCache: Scanning file cache for directory 'D:/Videos/UE4 C++ Course/Projects/Tutorial/UE_CPP_Tutorial_1/Saved/Collections/' took 0.01s
[2022.01.16-02.38.27:618][  0]LogFileCache: Scanning file cache for directory 'D:/Videos/UE4 C++ Course/Projects/Tutorial/UE_CPP_Tutorial_1/Content/Developers/wwestlake/Collections/' took 0.00s
[2022.01.16-02.38.27:618][  0]LogFileCache: Scanning file cache for directory 'D:/Videos/UE4 C++ Course/Projects/Tutorial/UE_CPP_Tutorial_1/Content/Collections/' took 0.00s
[2022.01.16-02.38.27:848][  0]LogOcInput: OculusInput pre-init called
[2022.01.16-02.38.29:890][  0]LogEngine: Initializing Engine...
[2022.01.16-02.38.30:125][  0]LogHMD: Failed to enumerate extensions. Please check that you have a valid OpenXR runtime installed.
[2022.01.16-02.38.30:126][  0]LogHMD: Failed to initialize OpenVR with code 110
[2022.01.16-02.38.30:141][  0]LogMagicLeap: Warning: VR disabled because ZI is not enabled.  To enable, in the editor, Edit -> Project Settings -> Plugins -> Magic Leap Plugin -> Enable Zero Iteration
[2022.01.16-02.38.30:269][  0]LogStats: UGameplayTagsManager::InitializeManager -  0.002 s
[2022.01.16-02.38.31:122][  0]LogInit: Initializing FReadOnlyCVARCache
[2022.01.16-02.38.31:966][  0]LogAIModule: Creating AISystem for world Untitled
[2022.01.16-02.38.32:155][  0]LogAudio: Display: Initializing Audio Device Manager...
[2022.01.16-02.38.32:203][  0]LogAudio: Display: Loading Default Audio Settings Objects...
[2022.01.16-02.38.32:231][  0]LogAudio: Display: No default SoundConcurrencyObject specified (or failed to load).
[2022.01.16-02.38.32:293][  0]LogAudio: Display: Audio Device Manager Initialized
[2022.01.16-02.38.32:293][  0]LogAudio: Display: Creating Audio Device:                 Id: 1, Scope: Shared, Realtime: True
[2022.01.16-02.38.32:345][  0]LogAudioMixer: Display: Audio Mixer Platform Settings:
[2022.01.16-02.38.32:345][  0]LogAudioMixer: Display: 	Sample Rate:						  48000
[2022.01.16-02.38.32:345][  0]LogAudioMixer: Display: 	Callback Buffer Frame Size Requested: 1024
[2022.01.16-02.38.32:345][  0]LogAudioMixer: Display: 	Callback Buffer Frame Size To Use:	  1024
[2022.01.16-02.38.32:345][  0]LogAudioMixer: Display: 	Number of buffers to queue:			  2
[2022.01.16-02.38.32:345][  0]LogAudioMixer: Display: 	Max Channels (voices):				  32
[2022.01.16-02.38.32:346][  0]LogAudioMixer: Display: 	Number of Async Source Workers:		  0
[2022.01.16-02.38.32:346][  0]LogAudio: Display: AudioDevice MaxSources: 32
[2022.01.16-02.38.32:367][  0]LogAudio: Display: Audio Spatialization Plugin: None (built-in).
[2022.01.16-02.38.32:367][  0]LogAudio: Display: Audio Reverb Plugin: None (built-in).
[2022.01.16-02.38.32:367][  0]LogAudio: Display: Audio Occlusion Plugin: None (built-in).
[2022.01.16-02.38.32:367][  0]LogAudioMixer: Display: Initializing audio mixer.
[2022.01.16-02.38.32:586][  0]LogAudioMixer: Display: 0: FrontLeft
[2022.01.16-02.38.32:586][  0]LogAudioMixer: Display: 1: FrontRight
[2022.01.16-02.38.32:613][  0]LogAudioMixer: Display: Using Audio Device Speakers (3- USB Audio CODEC )
[2022.01.16-02.38.32:650][  0]LogAudioMixer: Display: Initializing Sound Submixes...
[2022.01.16-02.38.32:723][  0]LogAudioMixer: Display: Creating Master Submix 'MasterSubmixDefault'
[2022.01.16-02.38.32:736][  0]LogAudioMixer: Display: Creating Master Submix 'MasterReverbSubmixDefault'
[2022.01.16-02.38.32:753][  0]LogAudioMixer: Display: Creating Master Submix 'MasterEQSubmixDefault'
[2022.01.16-02.38.32:767][  0]LogAudioMixer: FMixerPlatformXAudio2::StartAudioStream() called
[2022.01.16-02.38.32:767][  0]LogAudioMixer: Display: Output buffers initialized: Frames=1024, Channels=2, Samples=2048
[2022.01.16-02.38.32:769][  0]LogAudioMixer: Display: Starting AudioMixerPlatformInterface::RunInternal()
[2022.01.16-02.38.32:769][  0]LogAudioMixer: Display: FMixerPlatformXAudio2::SubmitBuffer() called for the first time
[2022.01.16-02.38.32:769][  0]LogInit: FAudioDevice initialized.
[2022.01.16-02.38.32:810][  0]LogAudio: Display: Audio Device (ID: 1) registered with world 'Untitled'.
[2022.01.16-02.38.32:810][  0]LogNetVersion: Set ProjectVersion to 1.0.0.0. Version Checksum will be recalculated on next use.
[2022.01.16-02.38.33:021][  0]LogDerivedDataCache: Saved boot cache 0.21s 99MB C:/Users/wwestlake/AppData/Local/UnrealEngine/4.27/DerivedDataCache/Boot.ddc.
[2022.01.16-02.38.33:021][  0]LogInit: Texture streaming: Enabled
[2022.01.16-02.38.33:167][  0]LogAnalytics: Display: [UEEditor.Rocket.Release] APIServer = https://datarouter.ol.epicgames.com/. AppVersion = 4.27.2-18319896+++UE4+Release-4.27
[2022.01.16-02.38.33:211][  0]LogEngineSessionManager: EngineSessionManager initialized
[2022.01.16-02.38.33:211][  0]LogEditorSessionSummary: Verbose: Initializing EditorSessionSummaryWriter for editor session tracking
[2022.01.16-02.38.33:257][  0]LogEditorSessionSummary: EditorSessionSummaryWriter initialized
[2022.01.16-02.38.33:531][  0]LogInit: Transaction tracking system initialized
[2022.01.16-02.38.34:512][  0]BlueprintLog: New page: Editor Load
[2022.01.16-02.38.36:490][  0]LocalizationService: Localization service is disabled
[2022.01.16-02.38.37:244][  0]TimingProfiler: Initialize
[2022.01.16-02.38.37:247][  0]TimingProfiler: OnSessionChanged
[2022.01.16-02.38.37:248][  0]LoadingProfiler: Initialize
[2022.01.16-02.38.37:249][  0]LoadingProfiler: OnSessionChanged
[2022.01.16-02.38.37:249][  0]NetworkingProfiler: Initialize
[2022.01.16-02.38.37:250][  0]NetworkingProfiler: OnSessionChanged
[2022.01.16-02.38.37:250][  0]MemoryProfiler: Initialize
[2022.01.16-02.38.37:250][  0]MemoryProfiler: OnSessionChanged
[2022.01.16-02.38.39:857][  0]LogFileCache: Scanning file cache for directory 'D:/Videos/UE4 C++ Course/Projects/Tutorial/UE_CPP_Tutorial_1/Content/' took 0.01s
[2022.01.16-02.38.39:857][  0]LogCook: Display: CookSettings for Memory: MemoryMaxUsedVirtual 0MiB, MemoryMaxUsedPhysical 16384MiB, MemoryMinFreeVirtual 0MiB, MemoryMinFreePhysical 1024MiB
[2022.01.16-02.38.39:857][  0]LogCook: Display: Mobile HDR setting 1
[2022.01.16-02.38.44:050][  0]LogInit: Display: Engine is initialized. Leaving FEngineLoop::Init()
[2022.01.16-02.38.44:181][  0]SourceControl: Source control is disabled
[2022.01.16-02.38.44:197][  0]LogUnrealEdMisc: Loading editor; pre map load, took 119.845
[2022.01.16-02.38.44:240][  0]Cmd: MAP LOAD FILE="D:/Videos/UE4 C++ Course/Projects/Tutorial/UE_CPP_Tutorial_1/Content/FirstPersonCPP/Maps/FirstPersonExampleMap.umap" TEMPLATE=0 SHOWPROGRESS=1 FEATURELEVEL=3
[2022.01.16-02.38.44:261][  0]LightingResults: New page: Lighting Build
[2022.01.16-02.38.44:436][  0]LogWorld: UWorld::CleanupWorld for Untitled, bSessionEnded=true, bCleanupResources=true
[2022.01.16-02.38.44:507][  0]LogSlate: InvalidateAllWidgets triggered.  All widgets were invalidated
[2022.01.16-02.38.44:561][  0]MapCheck: New page: Map Check
[2022.01.16-02.38.44:561][  0]LightingResults: New page: Lighting Build
[2022.01.16-02.38.44:822][  0]LogAudio: Display: Audio Device unregistered from world 'None'.
[2022.01.16-02.38.45:021][  0]LogUObjectHash: Compacting FUObjectHashTables data took   1.16ms
[2022.01.16-02.38.45:729][  0]LogTexture: Display: Building textures: DeprecatedTextureD5B55AC7496CD3FBF6154CA3715BB71F (BGRA8, 128X128)
[2022.01.16-02.38.45:776][  0]LogAudio: Display: Audio Device (ID: 1) registered with world 'FirstPersonExampleMap'.
[2022.01.16-02.38.45:799][  0]LogAIModule: Creating AISystem for world FirstPersonExampleMap
[2022.01.16-02.38.46:651][  0]LogEditorServer: Finished looking for orphan Actors (0.000 secs)
[2022.01.16-02.38.46:781][  0]LogUObjectHash: Compacting FUObjectHashTables data took   0.93ms
[2022.01.16-02.38.46:797][  0]Cmd: MAP CHECKDEP NOCLEARLOG
[2022.01.16-02.38.46:815][  0]MapCheck: Map check complete: 0 Error(s), 0 Warning(s), took 17.62ms to complete.
[2022.01.16-02.38.46:815][  0]LogFileHelpers: Loading map 'FirstPersonExampleMap' took 2.596
[2022.01.16-02.38.47:686][  0]LogUnrealEdMisc: Total Editor Startup Time, took 123.333
[2022.01.16-02.38.48:702][  0]LogSlate: Updating window title bar state: overlay mode, drag disabled, window buttons hidden, title bar hidden
[2022.01.16-02.38.48:733][  0]LogSlate: Updating window title bar state: overlay mode, drag disabled, window buttons hidden, title bar hidden
[2022.01.16-02.38.48:742][  0]LogSlate: Updating window title bar state: overlay mode, drag disabled, window buttons hidden, title bar hidden
[2022.01.16-02.38.48:750][  0]LogSlate: Updating window title bar state: overlay mode, drag disabled, window buttons hidden, title bar hidden
[2022.01.16-02.38.49:221][  0]LogNativeClassHierarchy: Verbose: Native class hierarchy populated in 0.0114 seconds. Added 3827 classes and 930 folders.
[2022.01.16-02.38.49:327][  0]LogNativeClassHierarchy: Verbose: Native class hierarchy updated for 'WidgetCarousel' in 0.0003 seconds. Added 0 classes and 0 folders.
[2022.01.16-02.38.49:544][  0]LogPakFile: PakFile PrimaryIndexSize=187
[2022.01.16-02.38.49:544][  0]LogPakFile: PakFile PathHashIndexSize=101
[2022.01.16-02.38.49:544][  0]LogPakFile: PakFile FullDirectoryIndexSize=148
[2022.01.16-02.38.49:544][  0]LogShaderLibrary: Display: ShaderCodeLibraryPakFileMountedCallback: PakFile 'E:/Program Files/Epic Games/UE_4.27/FeaturePacks/FP_FirstPerson.upack' (chunk index -1, root 'root:/') mounted
[2022.01.16-02.38.49:544][  0]LogShaderLibrary: Display: ShaderCodeLibraryPakFileMountedCallback: pending pak file info (ChunkID:-1 Root:root:/ File:E:/Program Files/Epic Games/UE_4.27/FeaturePacks/FP_FirstPerson.upack)
[2022.01.16-02.38.49:544][  0]LogPakFile: OnPakFileMounted2Time == 0.000070
[2022.01.16-02.38.49:596][  0]LogPakFile: PakFile PrimaryIndexSize=189
[2022.01.16-02.38.49:596][  0]LogPakFile: PakFile PathHashIndexSize=101
[2022.01.16-02.38.49:596][  0]LogPakFile: PakFile FullDirectoryIndexSize=152
[2022.01.16-02.38.49:596][  0]LogShaderLibrary: Display: ShaderCodeLibraryPakFileMountedCallback: PakFile 'E:/Program Files/Epic Games/UE_4.27/FeaturePacks/FP_FirstPersonBP.upack' (chunk index -1, root 'root:/') mounted
[2022.01.16-02.38.49:596][  0]LogShaderLibrary: Display: ShaderCodeLibraryPakFileMountedCallback: pending pak file info (ChunkID:-1 Root:root:/ File:E:/Program Files/Epic Games/UE_4.27/FeaturePacks/FP_FirstPersonBP.upack)
[2022.01.16-02.38.49:596][  0]LogPakFile: OnPakFileMounted2Time == 0.000076
[2022.01.16-02.38.49:634][  0]LogPakFile: PakFile PrimaryIndexSize=191
[2022.01.16-02.38.49:634][  0]LogPakFile: PakFile PathHashIndexSize=101
[2022.01.16-02.38.49:634][  0]LogPakFile: PakFile FullDirectoryIndexSize=160
[2022.01.16-02.38.49:634][  0]LogShaderLibrary: Display: ShaderCodeLibraryPakFileMountedCallback: PakFile 'E:/Program Files/Epic Games/UE_4.27/FeaturePacks/MobileStarterContent.upack' (chunk index -1, root 'root:/') mounted
[2022.01.16-02.38.49:634][  0]LogShaderLibrary: Display: ShaderCodeLibraryPakFileMountedCallback: pending pak file info (ChunkID:-1 Root:root:/ File:E:/Program Files/Epic Games/UE_4.27/FeaturePacks/MobileStarterContent.upack)
[2022.01.16-02.38.49:634][  0]LogPakFile: OnPakFileMounted2Time == 0.000055
[2022.01.16-02.38.49:692][  0]LogPakFile: PakFile PrimaryIndexSize=185
[2022.01.16-02.38.49:692][  0]LogPakFile: PakFile PathHashIndexSize=101
[2022.01.16-02.38.49:692][  0]LogPakFile: PakFile FullDirectoryIndexSize=148
[2022.01.16-02.38.49:692][  0]LogShaderLibrary: Display: ShaderCodeLibraryPakFileMountedCallback: PakFile 'E:/Program Files/Epic Games/UE_4.27/FeaturePacks/StarterContent.upack' (chunk index -1, root 'root:/') mounted
[2022.01.16-02.38.49:692][  0]LogShaderLibrary: Display: ShaderCodeLibraryPakFileMountedCallback: pending pak file info (ChunkID:-1 Root:root:/ File:E:/Program Files/Epic Games/UE_4.27/FeaturePacks/StarterContent.upack)
[2022.01.16-02.38.49:692][  0]LogPakFile: OnPakFileMounted2Time == 0.000052
[2022.01.16-02.38.49:707][  0]LogPakFile: PakFile PrimaryIndexSize=190
[2022.01.16-02.38.49:707][  0]LogPakFile: PakFile PathHashIndexSize=101
[2022.01.16-02.38.49:707][  0]LogPakFile: PakFile FullDirectoryIndexSize=154
[2022.01.16-02.38.49:707][  0]LogShaderLibrary: Display: ShaderCodeLibraryPakFileMountedCallback: PakFile 'E:/Program Files/Epic Games/UE_4.27/FeaturePacks/TP_2DSideScroller.upack' (chunk index -1, root 'root:/') mounted
[2022.01.16-02.38.49:707][  0]LogShaderLibrary: Display: ShaderCodeLibraryPakFileMountedCallback: pending pak file info (ChunkID:-1 Root:root:/ File:E:/Program Files/Epic Games/UE_4.27/FeaturePacks/TP_2DSideScroller.upack)
[2022.01.16-02.38.49:707][  0]LogPakFile: OnPakFileMounted2Time == 0.000051
[2022.01.16-02.38.49:716][  0]LogPakFile: PakFile PrimaryIndexSize=192
[2022.01.16-02.38.49:716][  0]LogPakFile: PakFile PathHashIndexSize=101
[2022.01.16-02.38.49:716][  0]LogPakFile: PakFile FullDirectoryIndexSize=158
[2022.01.16-02.38.49:716][  0]LogShaderLibrary: Display: ShaderCodeLibraryPakFileMountedCallback: PakFile 'E:/Program Files/Epic Games/UE_4.27/FeaturePacks/TP_2DSideScrollerBP.upack' (chunk index -1, root 'root:/') mounted
[2022.01.16-02.38.49:716][  0]LogShaderLibrary: Display: ShaderCodeLibraryPakFileMountedCallback: pending pak file info (ChunkID:-1 Root:root:/ File:E:/Program Files/Epic Games/UE_4.27/FeaturePacks/TP_2DSideScrollerBP.upack)
[2022.01.16-02.38.49:716][  0]LogPakFile: OnPakFileMounted2Time == 0.000078
[2022.01.16-02.38.49:731][  0]LogPakFile: PakFile PrimaryIndexSize=182
[2022.01.16-02.38.49:731][  0]LogPakFile: PakFile PathHashIndexSize=101
[2022.01.16-02.38.49:731][  0]LogPakFile: PakFile FullDirectoryIndexSize=138
[2022.01.16-02.38.49:731][  0]LogShaderLibrary: Display: ShaderCodeLibraryPakFileMountedCallback: PakFile 'E:/Program Files/Epic Games/UE_4.27/FeaturePacks/TP_Flying.upack' (chunk index -1, root 'root:/') mounted
[2022.01.16-02.38.49:731][  0]LogShaderLibrary: Display: ShaderCodeLibraryPakFileMountedCallback: pending pak file info (ChunkID:-1 Root:root:/ File:E:/Program Files/Epic Games/UE_4.27/FeaturePacks/TP_Flying.upack)
[2022.01.16-02.38.49:731][  0]LogPakFile: OnPakFileMounted2Time == 0.000050
[2022.01.16-02.38.49:740][  0]LogPakFile: PakFile PrimaryIndexSize=184
[2022.01.16-02.38.49:740][  0]LogPakFile: PakFile PathHashIndexSize=101
[2022.01.16-02.38.49:740][  0]LogPakFile: PakFile FullDirectoryIndexSize=142
[2022.01.16-02.38.49:740][  0]LogShaderLibrary: Display: ShaderCodeLibraryPakFileMountedCallback: PakFile 'E:/Program Files/Epic Games/UE_4.27/FeaturePacks/TP_FlyingBP.upack' (chunk index -1, root 'root:/') mounted
[2022.01.16-02.38.49:740][  0]LogShaderLibrary: Display: ShaderCodeLibraryPakFileMountedCallback: pending pak file info (ChunkID:-1 Root:root:/ File:E:/Program Files/Epic Games/UE_4.27/FeaturePacks/TP_FlyingBP.upack)
[2022.01.16-02.38.49:740][  0]LogPakFile: OnPakFileMounted2Time == 0.000066
[2022.01.16-02.38.49:754][  0]LogPakFile: PakFile PrimaryIndexSize=188
[2022.01.16-02.38.49:754][  0]LogPakFile: PakFile PathHashIndexSize=101
[2022.01.16-02.38.49:754][  0]LogPakFile: PakFile FullDirectoryIndexSize=150
[2022.01.16-02.38.49:754][  0]LogShaderLibrary: Display: ShaderCodeLibraryPakFileMountedCallback: PakFile 'E:/Program Files/Epic Games/UE_4.27/FeaturePacks/TP_HandheldARBP.upack' (chunk index -1, root 'root:/') mounted
[2022.01.16-02.38.49:754][  0]LogShaderLibrary: Display: ShaderCodeLibraryPakFileMountedCallback: pending pak file info (ChunkID:-1 Root:root:/ File:E:/Program Files/Epic Games/UE_4.27/FeaturePacks/TP_HandheldARBP.upack)
[2022.01.16-02.38.49:754][  0]LogPakFile: OnPakFileMounted2Time == 0.000052
[2022.01.16-02.38.49:803][  0]LogPakFile: PakFile PrimaryIndexSize=182
[2022.01.16-02.38.49:803][  0]LogPakFile: PakFile PathHashIndexSize=101
[2022.01.16-02.38.49:803][  0]LogPakFile: PakFile FullDirectoryIndexSize=138
[2022.01.16-02.38.49:803][  0]LogShaderLibrary: Display: ShaderCodeLibraryPakFileMountedCallback: PakFile 'E:/Program Files/Epic Games/UE_4.27/FeaturePacks/TP_Puzzle.upack' (chunk index -1, root 'root:/') mounted
[2022.01.16-02.38.49:803][  0]LogShaderLibrary: Display: ShaderCodeLibraryPakFileMountedCallback: pending pak file info (ChunkID:-1 Root:root:/ File:E:/Program Files/Epic Games/UE_4.27/FeaturePacks/TP_Puzzle.upack)
[2022.01.16-02.38.49:803][  0]LogPakFile: OnPakFileMounted2Time == 0.000051
[2022.01.16-02.38.49:809][  0]LogPakFile: PakFile PrimaryIndexSize=184
[2022.01.16-02.38.49:809][  0]LogPakFile: PakFile PathHashIndexSize=101
[2022.01.16-02.38.49:809][  0]LogPakFile: PakFile FullDirectoryIndexSize=142
[2022.01.16-02.38.49:809][  0]LogShaderLibrary: Display: ShaderCodeLibraryPakFileMountedCallback: PakFile 'E:/Program Files/Epic Games/UE_4.27/FeaturePacks/TP_PuzzleBP.upack' (chunk index -1, root 'root:/') mounted
[2022.01.16-02.38.49:809][  0]LogShaderLibrary: Display: ShaderCodeLibraryPakFileMountedCallback: pending pak file info (ChunkID:-1 Root:root:/ File:E:/Program Files/Epic Games/UE_4.27/FeaturePacks/TP_PuzzleBP.upack)
[2022.01.16-02.38.49:809][  0]LogPakFile: OnPakFileMounted2Time == 0.000053
[2022.01.16-02.38.49:825][  0]LogPakFile: PakFile PrimaryIndexSize=183
[2022.01.16-02.38.49:825][  0]LogPakFile: PakFile PathHashIndexSize=101
[2022.01.16-02.38.49:825][  0]LogPakFile: PakFile FullDirectoryIndexSize=140
[2022.01.16-02.38.49:825][  0]LogShaderLibrary: Display: ShaderCodeLibraryPakFileMountedCallback: PakFile 'E:/Program Files/Epic Games/UE_4.27/FeaturePacks/TP_Rolling.upack' (chunk index -1, root 'root:/') mounted
[2022.01.16-02.38.49:825][  0]LogShaderLibrary: Display: ShaderCodeLibraryPakFileMountedCallback: pending pak file info (ChunkID:-1 Root:root:/ File:E:/Program Files/Epic Games/UE_4.27/FeaturePacks/TP_Rolling.upack)
[2022.01.16-02.38.49:825][  0]LogPakFile: OnPakFileMounted2Time == 0.000056
[2022.01.16-02.38.49:831][  0]LogPakFile: PakFile PrimaryIndexSize=185
[2022.01.16-02.38.49:831][  0]LogPakFile: PakFile PathHashIndexSize=101
[2022.01.16-02.38.49:831][  0]LogPakFile: PakFile FullDirectoryIndexSize=144
[2022.01.16-02.38.49:831][  0]LogShaderLibrary: Display: ShaderCodeLibraryPakFileMountedCallback: PakFile 'E:/Program Files/Epic Games/UE_4.27/FeaturePacks/TP_RollingBP.upack' (chunk index -1, root 'root:/') mounted
[2022.01.16-02.38.49:831][  0]LogShaderLibrary: Display: ShaderCodeLibraryPakFileMountedCallback: pending pak file info (ChunkID:-1 Root:root:/ File:E:/Program Files/Epic Games/UE_4.27/FeaturePacks/TP_RollingBP.upack)
[2022.01.16-02.38.49:831][  0]LogPakFile: OnPakFileMounted2Time == 0.000060
[2022.01.16-02.38.49:837][  0]LogPakFile: PakFile PrimaryIndexSize=188
[2022.01.16-02.38.49:837][  0]LogPakFile: PakFile PathHashIndexSize=101
[2022.01.16-02.38.49:837][  0]LogPakFile: PakFile FullDirectoryIndexSize=150
[2022.01.16-02.38.49:837][  0]LogShaderLibrary: Display: ShaderCodeLibraryPakFileMountedCallback: PakFile 'E:/Program Files/Epic Games/UE_4.27/FeaturePacks/TP_SideScroller.upack' (chunk index -1, root 'root:/') mounted
[2022.01.16-02.38.49:837][  0]LogShaderLibrary: Display: ShaderCodeLibraryPakFileMountedCallback: pending pak file info (ChunkID:-1 Root:root:/ File:E:/Program Files/Epic Games/UE_4.27/FeaturePacks/TP_SideScroller.upack)
[2022.01.16-02.38.49:838][  0]LogPakFile: OnPakFileMounted2Time == 0.000050
[2022.01.16-02.38.49:844][  0]LogPakFile: PakFile PrimaryIndexSize=190
[2022.01.16-02.38.49:844][  0]LogPakFile: PakFile PathHashIndexSize=101
[2022.01.16-02.38.49:844][  0]LogPakFile: PakFile FullDirectoryIndexSize=154
[2022.01.16-02.38.49:844][  0]LogShaderLibrary: Display: ShaderCodeLibraryPakFileMountedCallback: PakFile 'E:/Program Files/Epic Games/UE_4.27/FeaturePacks/TP_SideScrollerBP.upack' (chunk index -1, root 'root:/') mounted
[2022.01.16-02.38.49:844][  0]LogShaderLibrary: Display: ShaderCodeLibraryPakFileMountedCallback: pending pak file info (ChunkID:-1 Root:root:/ File:E:/Program Files/Epic Games/UE_4.27/FeaturePacks/TP_SideScrollerBP.upack)
[2022.01.16-02.38.49:844][  0]LogPakFile: OnPakFileMounted2Time == 0.000050
[2022.01.16-02.38.49:850][  0]LogPakFile: PakFile PrimaryIndexSize=187
[2022.01.16-02.38.49:850][  0]LogPakFile: PakFile PathHashIndexSize=101
[2022.01.16-02.38.49:850][  0]LogPakFile: PakFile FullDirectoryIndexSize=148
[2022.01.16-02.38.49:850][  0]LogShaderLibrary: Display: ShaderCodeLibraryPakFileMountedCallback: PakFile 'E:/Program Files/Epic Games/UE_4.27/FeaturePacks/TP_ThirdPerson.upack' (chunk index -1, root 'root:/') mounted
[2022.01.16-02.38.49:850][  0]LogShaderLibrary: Display: ShaderCodeLibraryPakFileMountedCallback: pending pak file info (ChunkID:-1 Root:root:/ File:E:/Program Files/Epic Games/UE_4.27/FeaturePacks/TP_ThirdPerson.upack)
[2022.01.16-02.38.49:850][  0]LogPakFile: OnPakFileMounted2Time == 0.000061
[2022.01.16-02.38.49:856][  0]LogPakFile: PakFile PrimaryIndexSize=189
[2022.01.16-02.38.49:856][  0]LogPakFile: PakFile PathHashIndexSize=101
[2022.01.16-02.38.49:856][  0]LogPakFile: PakFile FullDirectoryIndexSize=152
[2022.01.16-02.38.49:856][  0]LogShaderLibrary: Display: ShaderCodeLibraryPakFileMountedCallback: PakFile 'E:/Program Files/Epic Games/UE_4.27/FeaturePacks/TP_ThirdPersonBP.upack' (chunk index -1, root 'root:/') mounted
[2022.01.16-02.38.49:856][  0]LogShaderLibrary: Display: ShaderCodeLibraryPakFileMountedCallback: pending pak file info (ChunkID:-1 Root:root:/ File:E:/Program Files/Epic Games/UE_4.27/FeaturePacks/TP_ThirdPersonBP.upack)
[2022.01.16-02.38.49:856][  0]LogPakFile: OnPakFileMounted2Time == 0.000058
[2022.01.16-02.38.49:863][  0]LogPakFile: PakFile PrimaryIndexSize=183
[2022.01.16-02.38.49:863][  0]LogPakFile: PakFile PathHashIndexSize=101
[2022.01.16-02.38.49:863][  0]LogPakFile: PakFile FullDirectoryIndexSize=140
[2022.01.16-02.38.49:863][  0]LogShaderLibrary: Display: ShaderCodeLibraryPakFileMountedCallback: PakFile 'E:/Program Files/Epic Games/UE_4.27/FeaturePacks/TP_TopDown.upack' (chunk index -1, root 'root:/') mounted
[2022.01.16-02.38.49:863][  0]LogShaderLibrary: Display: ShaderCodeLibraryPakFileMountedCallback: pending pak file info (ChunkID:-1 Root:root:/ File:E:/Program Files/Epic Games/UE_4.27/FeaturePacks/TP_TopDown.upack)
[2022.01.16-02.38.49:863][  0]LogPakFile: OnPakFileMounted2Time == 0.000063
[2022.01.16-02.38.49:869][  0]LogPakFile: PakFile PrimaryIndexSize=185
[2022.01.16-02.38.49:869][  0]LogPakFile: PakFile PathHashIndexSize=101
[2022.01.16-02.38.49:869][  0]LogPakFile: PakFile FullDirectoryIndexSize=144
[2022.01.16-02.38.49:869][  0]LogShaderLibrary: Display: ShaderCodeLibraryPakFileMountedCallback: PakFile 'E:/Program Files/Epic Games/UE_4.27/FeaturePacks/TP_TopDownBP.upack' (chunk index -1, root 'root:/') mounted
[2022.01.16-02.38.49:869][  0]LogShaderLibrary: Display: ShaderCodeLibraryPakFileMountedCallback: pending pak file info (ChunkID:-1 Root:root:/ File:E:/Program Files/Epic Games/UE_4.27/FeaturePacks/TP_TopDownBP.upack)
[2022.01.16-02.38.49:869][  0]LogPakFile: OnPakFileMounted2Time == 0.000050
[2022.01.16-02.38.49:907][  0]LogPakFile: PakFile PrimaryIndexSize=185
[2022.01.16-02.38.49:907][  0]LogPakFile: PakFile PathHashIndexSize=101
[2022.01.16-02.38.49:907][  0]LogPakFile: PakFile FullDirectoryIndexSize=144
[2022.01.16-02.38.49:907][  0]LogShaderLibrary: Display: ShaderCodeLibraryPakFileMountedCallback: PakFile 'E:/Program Files/Epic Games/UE_4.27/FeaturePacks/TP_TwinStick.upack' (chunk index -1, root 'root:/') mounted
[2022.01.16-02.38.49:907][  0]LogShaderLibrary: Display: ShaderCodeLibraryPakFileMountedCallback: pending pak file info (ChunkID:-1 Root:root:/ File:E:/Program Files/Epic Games/UE_4.27/FeaturePacks/TP_TwinStick.upack)
[2022.01.16-02.38.49:907][  0]LogPakFile: OnPakFileMounted2Time == 0.000049
[2022.01.16-02.38.49:913][  0]LogPakFile: PakFile PrimaryIndexSize=187
[2022.01.16-02.38.49:913][  0]LogPakFile: PakFile PathHashIndexSize=101
[2022.01.16-02.38.49:913][  0]LogPakFile: PakFile FullDirectoryIndexSize=148
[2022.01.16-02.38.49:913][  0]LogShaderLibrary: Display: ShaderCodeLibraryPakFileMountedCallback: PakFile 'E:/Program Files/Epic Games/UE_4.27/FeaturePacks/TP_TwinStickBP.upack' (chunk index -1, root 'root:/') mounted
[2022.01.16-02.38.49:913][  0]LogShaderLibrary: Display: ShaderCodeLibraryPakFileMountedCallback: pending pak file info (ChunkID:-1 Root:root:/ File:E:/Program Files/Epic Games/UE_4.27/FeaturePacks/TP_TwinStickBP.upack)
[2022.01.16-02.38.49:913][  0]LogPakFile: OnPakFileMounted2Time == 0.000049
[2022.01.16-02.38.49:920][  0]LogPakFile: PakFile PrimaryIndexSize=183
[2022.01.16-02.38.49:920][  0]LogPakFile: PakFile PathHashIndexSize=101
[2022.01.16-02.38.49:920][  0]LogPakFile: PakFile FullDirectoryIndexSize=140
[2022.01.16-02.38.49:920][  0]LogShaderLibrary: Display: ShaderCodeLibraryPakFileMountedCallback: PakFile 'E:/Program Files/Epic Games/UE_4.27/FeaturePacks/TP_Vehicle.upack' (chunk index -1, root 'root:/') mounted
[2022.01.16-02.38.49:920][  0]LogShaderLibrary: Display: ShaderCodeLibraryPakFileMountedCallback: pending pak file info (ChunkID:-1 Root:root:/ File:E:/Program Files/Epic Games/UE_4.27/FeaturePacks/TP_Vehicle.upack)
[2022.01.16-02.38.49:920][  0]LogPakFile: OnPakFileMounted2Time == 0.000055
[2022.01.16-02.38.49:946][  0]LogPakFile: PakFile PrimaryIndexSize=186
[2022.01.16-02.38.49:946][  0]LogPakFile: PakFile PathHashIndexSize=101
[2022.01.16-02.38.49:946][  0]LogPakFile: PakFile FullDirectoryIndexSize=146
[2022.01.16-02.38.49:946][  0]LogShaderLibrary: Display: ShaderCodeLibraryPakFileMountedCallback: PakFile 'E:/Program Files/Epic Games/UE_4.27/FeaturePacks/TP_VehicleAdv.upack' (chunk index -1, root 'root:/') mounted
[2022.01.16-02.38.49:946][  0]LogShaderLibrary: Display: ShaderCodeLibraryPakFileMountedCallback: pending pak file info (ChunkID:-1 Root:root:/ File:E:/Program Files/Epic Games/UE_4.27/FeaturePacks/TP_VehicleAdv.upack)
[2022.01.16-02.38.49:946][  0]LogPakFile: OnPakFileMounted2Time == 0.000050
[2022.01.16-02.38.49:958][  0]LogPakFile: PakFile PrimaryIndexSize=188
[2022.01.16-02.38.49:958][  0]LogPakFile: PakFile PathHashIndexSize=101
[2022.01.16-02.38.49:958][  0]LogPakFile: PakFile FullDirectoryIndexSize=150
[2022.01.16-02.38.49:958][  0]LogShaderLibrary: Display: ShaderCodeLibraryPakFileMountedCallback: PakFile 'E:/Program Files/Epic Games/UE_4.27/FeaturePacks/TP_VehicleAdvBP.upack' (chunk index -1, root 'root:/') mounted
[2022.01.16-02.38.49:958][  0]LogShaderLibrary: Display: ShaderCodeLibraryPakFileMountedCallback: pending pak file info (ChunkID:-1 Root:root:/ File:E:/Program Files/Epic Games/UE_4.27/FeaturePacks/TP_VehicleAdvBP.upack)
[2022.01.16-02.38.49:958][  0]LogPakFile: OnPakFileMounted2Time == 0.000050
[2022.01.16-02.38.49:964][  0]LogPakFile: PakFile PrimaryIndexSize=185
[2022.01.16-02.38.49:964][  0]LogPakFile: PakFile PathHashIndexSize=101
[2022.01.16-02.38.49:964][  0]LogPakFile: PakFile FullDirectoryIndexSize=144
[2022.01.16-02.38.49:964][  0]LogShaderLibrary: Display: ShaderCodeLibraryPakFileMountedCallback: PakFile 'E:/Program Files/Epic Games/UE_4.27/FeaturePacks/TP_VehicleBP.upack' (chunk index -1, root 'root:/') mounted
[2022.01.16-02.38.49:964][  0]LogShaderLibrary: Display: ShaderCodeLibraryPakFileMountedCallback: pending pak file info (ChunkID:-1 Root:root:/ File:E:/Program Files/Epic Games/UE_4.27/FeaturePacks/TP_VehicleBP.upack)
[2022.01.16-02.38.49:964][  0]LogPakFile: OnPakFileMounted2Time == 0.000063
[2022.01.16-02.38.49:976][  0]LogPakFile: PakFile PrimaryIndexSize=192
[2022.01.16-02.38.49:976][  0]LogPakFile: PakFile PathHashIndexSize=101
[2022.01.16-02.38.49:976][  0]LogPakFile: PakFile FullDirectoryIndexSize=158
[2022.01.16-02.38.49:976][  0]LogShaderLibrary: Display: ShaderCodeLibraryPakFileMountedCallback: PakFile 'E:/Program Files/Epic Games/UE_4.27/FeaturePacks/TP_VirtualRealityBP.upack' (chunk index -1, root 'root:/') mounted
[2022.01.16-02.38.49:976][  0]LogShaderLibrary: Display: ShaderCodeLibraryPakFileMountedCallback: pending pak file info (ChunkID:-1 Root:root:/ File:E:/Program Files/Epic Games/UE_4.27/FeaturePacks/TP_VirtualRealityBP.upack)
[2022.01.16-02.38.49:976][  0]LogPakFile: OnPakFileMounted2Time == 0.000050
[2022.01.16-02.38.50:804][  0]LogNativeClassHierarchy: Verbose: Native class hierarchy updated for 'AddContentDialog' in 0.0003 seconds. Added 0 classes and 0 folders.
[2022.01.16-02.38.50:920][  0]LogNativeClassHierarchy: Verbose: Native class hierarchy updated for 'SceneOutliner' in 0.0003 seconds. Added 2 classes and 0 folders.
[2022.01.16-02.38.52:393][  0]LogSlate: Took 0.023929 seconds to synchronously load lazily loaded font '../../../Engine/Content/Slate/Fonts/Roboto-Regular.ttf' (155K)
[2022.01.16-02.38.52:431][  0]LogSlate: Took 0.022836 seconds to synchronously load lazily loaded font '../../../Engine/Content/Editor/Slate/Fonts/FontAwesome.ttf' (139K)
[2022.01.16-02.38.52:491][  0]LogSlate: Took 0.046173 seconds to synchronously load lazily loaded font '../../../Engine/Content/Slate/Fonts/Roboto-Bold.ttf' (160K)
[2022.01.16-02.38.53:056][  0]LogRenderer: Reallocating scene render targets to support 1252x608 Format 10 NumSamples 1 (Frame:1).
[2022.01.16-02.38.53:687][  0]LogSlate: Took 0.006502 seconds to synchronously load lazily loaded font '../../../Engine/Content/Slate/Fonts/Roboto-Light.ttf' (167K)
[2022.01.16-02.38.54:059][  0]LogNativeClassHierarchy: Verbose: Native class hierarchy updated for 'HierarchicalLODOutliner' in 0.0003 seconds. Added 0 classes and 0 folders.
[2022.01.16-02.38.54:059][  0]LogLoad: (Engine Initialization) Total time: 129.71 seconds
[2022.01.16-02.38.54:060][  0]LogLoad: (Engine Initialization) Total Blueprint compile time: 0.00 seconds
[2022.01.16-02.38.54:207][  0]LogAssetRegistry: Asset discovery search completed in 73.2476 seconds
[2022.01.16-02.38.54:336][  0]LogCollectionManager: Fixed up redirectors for 0 collections in 0.000007 seconds (updated 0 objects)
[2022.01.16-02.38.54:496][  0]LogContentStreaming: Texture pool size now 1000 MB
[2022.01.16-02.38.55:118][ 22]LogSlate: Took 0.000146 seconds to synchronously load lazily loaded font '../../../Engine/Content/Slate/Fonts/Roboto-Light.ttf' (167K)
